
 a1 =  10.171856963   0.000000000   0.000000000
 a2 =   0.000000000  10.171856963   0.000000000
 a3 =   0.000000000   0.000000000  10.171856963

 b1 =   0.617702877   0.000000000   0.000000000
 b2 =   0.000000000   0.617702877   0.000000000
 b3 =   0.000000000   0.000000000   0.617702877

 volume = 1052.448209136

 cutoff = 10.000000000

 grid = ( 11 11 11 ) -- minimal
        ( 11 11 11 ) -- factors 2, 3, 5, 7, 1*11, 1*13
        ( 12 12 12 ) -- factors 2, 3, 5

 ng = 587

     n   g1    g2    g3     gx        gy        gz        ekin
 --------------------------------------------------------------------
     1     0     0     0     0.000     0.000     0.000     0.000000000
     2    -1     0     0    -0.618     0.000     0.000     0.381556844
     3     0    -1     0     0.000    -0.618     0.000     0.381556844
     4     0     0    -1     0.000     0.000    -0.618     0.381556844
     5     0     0     1     0.000     0.000     0.618     0.381556844
     6     0     1     0     0.000     0.618     0.000     0.381556844
     7     1     0     0     0.618     0.000     0.000     0.381556844
     8    -1    -1     0    -0.618    -0.618     0.000     0.763113688
     9    -1     0    -1    -0.618     0.000    -0.618     0.763113688
    10    -1     0     1    -0.618     0.000     0.618     0.763113688
    11    -1     1     0    -0.618     0.618     0.000     0.763113688
    12     0    -1    -1     0.000    -0.618    -0.618     0.763113688
    13     0    -1     1     0.000    -0.618     0.618     0.763113688
    14     0     1    -1     0.000     0.618    -0.618     0.763113688
    15     0     1     1     0.000     0.618     0.618     0.763113688
    16     1    -1     0     0.618    -0.618     0.000     0.763113688
    17     1     0    -1     0.618     0.000    -0.618     0.763113688
    18     1     0     1     0.618     0.000     0.618     0.763113688
    19     1     1     0     0.618     0.618     0.000     0.763113688
    20    -1    -1    -1    -0.618    -0.618    -0.618     1.144670532
    21    -1    -1     1    -0.618    -0.618     0.618     1.144670532
    22    -1     1    -1    -0.618     0.618    -0.618     1.144670532
    23    -1     1     1    -0.618     0.618     0.618     1.144670532
    24     1    -1    -1     0.618    -0.618    -0.618     1.144670532
    25     1    -1     1     0.618    -0.618     0.618     1.144670532
    26     1     1    -1     0.618     0.618    -0.618     1.144670532
    27     1     1     1     0.618     0.618     0.618     1.144670532
    28    -2     0     0    -1.235     0.000     0.000     1.526227375
    29     0    -2     0     0.000    -1.235     0.000     1.526227375
    30     0     0    -2     0.000     0.000    -1.235     1.526227375
    31     0     0     2     0.000     0.000     1.235     1.526227375
    32     0     2     0     0.000     1.235     0.000     1.526227375
    33     2     0     0     1.235     0.000     0.000     1.526227375
    34    -2    -1     0    -1.235    -0.618     0.000     1.907784219
    35    -2     0    -1    -1.235     0.000    -0.618     1.907784219
    36    -2     0     1    -1.235     0.000     0.618     1.907784219
    37    -2     1     0    -1.235     0.618     0.000     1.907784219
    38    -1    -2     0    -0.618    -1.235     0.000     1.907784219
    39    -1     0    -2    -0.618     0.000    -1.235     1.907784219
    40    -1     0     2    -0.618     0.000     1.235     1.907784219
    41    -1     2     0    -0.618     1.235     0.000     1.907784219
    42     0    -2    -1     0.000    -1.235    -0.618     1.907784219
    43     0    -2     1     0.000    -1.235     0.618     1.907784219
    44     0    -1    -2     0.000    -0.618    -1.235     1.907784219
    45     0    -1     2     0.000    -0.618     1.235     1.907784219
    46     0     1    -2     0.000     0.618    -1.235     1.907784219
    47     0     1     2     0.000     0.618     1.235     1.907784219
    48     0     2    -1     0.000     1.235    -0.618     1.907784219
    49     0     2     1     0.000     1.235     0.618     1.907784219
    50     1    -2     0     0.618    -1.235     0.000     1.907784219
    51     1     0    -2     0.618     0.000    -1.235     1.907784219
    52     1     0     2     0.618     0.000     1.235     1.907784219
    53     1     2     0     0.618     1.235     0.000     1.907784219
    54     2    -1     0     1.235    -0.618     0.000     1.907784219
    55     2     0    -1     1.235     0.000    -0.618     1.907784219
    56     2     0     1     1.235     0.000     0.618     1.907784219
    57     2     1     0     1.235     0.618     0.000     1.907784219
    58    -2    -1    -1    -1.235    -0.618    -0.618     2.289341063
    59    -2    -1     1    -1.235    -0.618     0.618     2.289341063
    60    -2     1    -1    -1.235     0.618    -0.618     2.289341063
    61    -2     1     1    -1.235     0.618     0.618     2.289341063
    62    -1    -2    -1    -0.618    -1.235    -0.618     2.289341063
    63    -1    -2     1    -0.618    -1.235     0.618     2.289341063
    64    -1    -1    -2    -0.618    -0.618    -1.235     2.289341063
    65    -1    -1     2    -0.618    -0.618     1.235     2.289341063
    66    -1     1    -2    -0.618     0.618    -1.235     2.289341063
    67    -1     1     2    -0.618     0.618     1.235     2.289341063
    68    -1     2    -1    -0.618     1.235    -0.618     2.289341063
    69    -1     2     1    -0.618     1.235     0.618     2.289341063
    70     1    -2    -1     0.618    -1.235    -0.618     2.289341063
    71     1    -2     1     0.618    -1.235     0.618     2.289341063
    72     1    -1    -2     0.618    -0.618    -1.235     2.289341063
    73     1    -1     2     0.618    -0.618     1.235     2.289341063
    74     1     1    -2     0.618     0.618    -1.235     2.289341063
    75     1     1     2     0.618     0.618     1.235     2.289341063
    76     1     2    -1     0.618     1.235    -0.618     2.289341063
    77     1     2     1     0.618     1.235     0.618     2.289341063
    78     2    -1    -1     1.235    -0.618    -0.618     2.289341063
    79     2    -1     1     1.235    -0.618     0.618     2.289341063
    80     2     1    -1     1.235     0.618    -0.618     2.289341063
    81     2     1     1     1.235     0.618     0.618     2.289341063
    82    -2    -2     0    -1.235    -1.235     0.000     3.052454751
    83    -2     0    -2    -1.235     0.000    -1.235     3.052454751
    84    -2     0     2    -1.235     0.000     1.235     3.052454751
    85    -2     2     0    -1.235     1.235     0.000     3.052454751
    86     0    -2    -2     0.000    -1.235    -1.235     3.052454751
    87     0    -2     2     0.000    -1.235     1.235     3.052454751
    88     0     2    -2     0.000     1.235    -1.235     3.052454751
    89     0     2     2     0.000     1.235     1.235     3.052454751
    90     2    -2     0     1.235    -1.235     0.000     3.052454751
    91     2     0    -2     1.235     0.000    -1.235     3.052454751
    92     2     0     2     1.235     0.000     1.235     3.052454751
    93     2     2     0     1.235     1.235     0.000     3.052454751
    94    -3     0     0    -1.853     0.000     0.000     3.434011595
    95    -2    -2    -1    -1.235    -1.235    -0.618     3.434011595
    96    -2    -2     1    -1.235    -1.235     0.618     3.434011595
    97    -2    -1    -2    -1.235    -0.618    -1.235     3.434011595
    98    -2    -1     2    -1.235    -0.618     1.235     3.434011595
    99    -2     1    -2    -1.235     0.618    -1.235     3.434011595
   100    -2     1     2    -1.235     0.618     1.235     3.434011595
   101    -2     2    -1    -1.235     1.235    -0.618     3.434011595
   102    -2     2     1    -1.235     1.235     0.618     3.434011595
   103    -1    -2    -2    -0.618    -1.235    -1.235     3.434011595
   104    -1    -2     2    -0.618    -1.235     1.235     3.434011595
   105    -1     2    -2    -0.618     1.235    -1.235     3.434011595
   106    -1     2     2    -0.618     1.235     1.235     3.434011595
   107     0    -3     0     0.000    -1.853     0.000     3.434011595
   108     0     0    -3     0.000     0.000    -1.853     3.434011595
   109     0     0     3     0.000     0.000     1.853     3.434011595
   110     0     3     0     0.000     1.853     0.000     3.434011595
   111     1    -2    -2     0.618    -1.235    -1.235     3.434011595
   112     1    -2     2     0.618    -1.235     1.235     3.434011595
   113     1     2    -2     0.618     1.235    -1.235     3.434011595
   114     1     2     2     0.618     1.235     1.235     3.434011595
   115     2    -2    -1     1.235    -1.235    -0.618     3.434011595
   116     2    -2     1     1.235    -1.235     0.618     3.434011595
   117     2    -1    -2     1.235    -0.618    -1.235     3.434011595
   118     2    -1     2     1.235    -0.618     1.235     3.434011595
   119     2     1    -2     1.235     0.618    -1.235     3.434011595
   120     2     1     2     1.235     0.618     1.235     3.434011595
   121     2     2    -1     1.235     1.235    -0.618     3.434011595
   122     2     2     1     1.235     1.235     0.618     3.434011595
   123     3     0     0     1.853     0.000     0.000     3.434011595
   124    -3    -1     0    -1.853    -0.618     0.000     3.815568439
   125    -3     0    -1    -1.853     0.000    -0.618     3.815568439
   126    -3     0     1    -1.853     0.000     0.618     3.815568439
   127    -3     1     0    -1.853     0.618     0.000     3.815568439
   128    -1    -3     0    -0.618    -1.853     0.000     3.815568439
   129    -1     0    -3    -0.618     0.000    -1.853     3.815568439
   130    -1     0     3    -0.618     0.000     1.853     3.815568439
   131    -1     3     0    -0.618     1.853     0.000     3.815568439
   132     0    -3    -1     0.000    -1.853    -0.618     3.815568439
   133     0    -3     1     0.000    -1.853     0.618     3.815568439
   134     0    -1    -3     0.000    -0.618    -1.853     3.815568439
   135     0    -1     3     0.000    -0.618     1.853     3.815568439
   136     0     1    -3     0.000     0.618    -1.853     3.815568439
   137     0     1     3     0.000     0.618     1.853     3.815568439
   138     0     3    -1     0.000     1.853    -0.618     3.815568439
   139     0     3     1     0.000     1.853     0.618     3.815568439
   140     1    -3     0     0.618    -1.853     0.000     3.815568439
   141     1     0    -3     0.618     0.000    -1.853     3.815568439
   142     1     0     3     0.618     0.000     1.853     3.815568439
   143     1     3     0     0.618     1.853     0.000     3.815568439
   144     3    -1     0     1.853    -0.618     0.000     3.815568439
   145     3     0    -1     1.853     0.000    -0.618     3.815568439
   146     3     0     1     1.853     0.000     0.618     3.815568439
   147     3     1     0     1.853     0.618     0.000     3.815568439
   148    -3    -1    -1    -1.853    -0.618    -0.618     4.197125282
   149    -3    -1     1    -1.853    -0.618     0.618     4.197125282
   150    -3     1    -1    -1.853     0.618    -0.618     4.197125282
   151    -3     1     1    -1.853     0.618     0.618     4.197125282
   152    -1    -3    -1    -0.618    -1.853    -0.618     4.197125282
   153    -1    -3     1    -0.618    -1.853     0.618     4.197125282
   154    -1    -1    -3    -0.618    -0.618    -1.853     4.197125282
   155    -1    -1     3    -0.618    -0.618     1.853     4.197125282
   156    -1     1    -3    -0.618     0.618    -1.853     4.197125282
   157    -1     1     3    -0.618     0.618     1.853     4.197125282
   158    -1     3    -1    -0.618     1.853    -0.618     4.197125282
   159    -1     3     1    -0.618     1.853     0.618     4.197125282
   160     1    -3    -1     0.618    -1.853    -0.618     4.197125282
   161     1    -3     1     0.618    -1.853     0.618     4.197125282
   162     1    -1    -3     0.618    -0.618    -1.853     4.197125282
   163     1    -1     3     0.618    -0.618     1.853     4.197125282
   164     1     1    -3     0.618     0.618    -1.853     4.197125282
   165     1     1     3     0.618     0.618     1.853     4.197125282
   166     1     3    -1     0.618     1.853    -0.618     4.197125282
   167     1     3     1     0.618     1.853     0.618     4.197125282
   168     3    -1    -1     1.853    -0.618    -0.618     4.197125282
   169     3    -1     1     1.853    -0.618     0.618     4.197125282
   170     3     1    -1     1.853     0.618    -0.618     4.197125282
   171     3     1     1     1.853     0.618     0.618     4.197125282
   172    -2    -2    -2    -1.235    -1.235    -1.235     4.578682126
   173    -2    -2     2    -1.235    -1.235     1.235     4.578682126
   174    -2     2    -2    -1.235     1.235    -1.235     4.578682126
   175    -2     2     2    -1.235     1.235     1.235     4.578682126
   176     2    -2    -2     1.235    -1.235    -1.235     4.578682126
   177     2    -2     2     1.235    -1.235     1.235     4.578682126
   178     2     2    -2     1.235     1.235    -1.235     4.578682126
   179     2     2     2     1.235     1.235     1.235     4.578682126
   180    -3    -2     0    -1.853    -1.235     0.000     4.960238970
   181    -3     0    -2    -1.853     0.000    -1.235     4.960238970
   182    -3     0     2    -1.853     0.000     1.235     4.960238970
   183    -3     2     0    -1.853     1.235     0.000     4.960238970
   184    -2    -3     0    -1.235    -1.853     0.000     4.960238970
   185    -2     0    -3    -1.235     0.000    -1.853     4.960238970
   186    -2     0     3    -1.235     0.000     1.853     4.960238970
   187    -2     3     0    -1.235     1.853     0.000     4.960238970
   188     0    -3    -2     0.000    -1.853    -1.235     4.960238970
   189     0    -3     2     0.000    -1.853     1.235     4.960238970
   190     0    -2    -3     0.000    -1.235    -1.853     4.960238970
   191     0    -2     3     0.000    -1.235     1.853     4.960238970
   192     0     2    -3     0.000     1.235    -1.853     4.960238970
   193     0     2     3     0.000     1.235     1.853     4.960238970
   194     0     3    -2     0.000     1.853    -1.235     4.960238970
   195     0     3     2     0.000     1.853     1.235     4.960238970
   196     2    -3     0     1.235    -1.853     0.000     4.960238970
   197     2     0    -3     1.235     0.000    -1.853     4.960238970
   198     2     0     3     1.235     0.000     1.853     4.960238970
   199     2     3     0     1.235     1.853     0.000     4.960238970
   200     3    -2     0     1.853    -1.235     0.000     4.960238970
   201     3     0    -2     1.853     0.000    -1.235     4.960238970
   202     3     0     2     1.853     0.000     1.235     4.960238970
   203     3     2     0     1.853     1.235     0.000     4.960238970
   204    -3    -2    -1    -1.853    -1.235    -0.618     5.341795814
   205    -3    -2     1    -1.853    -1.235     0.618     5.341795814
   206    -3    -1    -2    -1.853    -0.618    -1.235     5.341795814
   207    -3    -1     2    -1.853    -0.618     1.235     5.341795814
   208    -3     1    -2    -1.853     0.618    -1.235     5.341795814
   209    -3     1     2    -1.853     0.618     1.235     5.341795814
   210    -3     2    -1    -1.853     1.235    -0.618     5.341795814
   211    -3     2     1    -1.853     1.235     0.618     5.341795814
   212    -2    -3    -1    -1.235    -1.853    -0.618     5.341795814
   213    -2    -3     1    -1.235    -1.853     0.618     5.341795814
   214    -2    -1    -3    -1.235    -0.618    -1.853     5.341795814
   215    -2    -1     3    -1.235    -0.618     1.853     5.341795814
   216    -2     1    -3    -1.235     0.618    -1.853     5.341795814
   217    -2     1     3    -1.235     0.618     1.853     5.341795814
   218    -2     3    -1    -1.235     1.853    -0.618     5.341795814
   219    -2     3     1    -1.235     1.853     0.618     5.341795814
   220    -1    -3    -2    -0.618    -1.853    -1.235     5.341795814
   221    -1    -3     2    -0.618    -1.853     1.235     5.341795814
   222    -1    -2    -3    -0.618    -1.235    -1.853     5.341795814
   223    -1    -2     3    -0.618    -1.235     1.853     5.341795814
   224    -1     2    -3    -0.618     1.235    -1.853     5.341795814
   225    -1     2     3    -0.618     1.235     1.853     5.341795814
   226    -1     3    -2    -0.618     1.853    -1.235     5.341795814
   227    -1     3     2    -0.618     1.853     1.235     5.341795814
   228     1    -3    -2     0.618    -1.853    -1.235     5.341795814
   229     1    -3     2     0.618    -1.853     1.235     5.341795814
   230     1    -2    -3     0.618    -1.235    -1.853     5.341795814
   231     1    -2     3     0.618    -1.235     1.853     5.341795814
   232     1     2    -3     0.618     1.235    -1.853     5.341795814
   233     1     2     3     0.618     1.235     1.853     5.341795814
   234     1     3    -2     0.618     1.853    -1.235     5.341795814
   235     1     3     2     0.618     1.853     1.235     5.341795814
   236     2    -3    -1     1.235    -1.853    -0.618     5.341795814
   237     2    -3     1     1.235    -1.853     0.618     5.341795814
   238     2    -1    -3     1.235    -0.618    -1.853     5.341795814
   239     2    -1     3     1.235    -0.618     1.853     5.341795814
   240     2     1    -3     1.235     0.618    -1.853     5.341795814
   241     2     1     3     1.235     0.618     1.853     5.341795814
   242     2     3    -1     1.235     1.853    -0.618     5.341795814
   243     2     3     1     1.235     1.853     0.618     5.341795814
   244     3    -2    -1     1.853    -1.235    -0.618     5.341795814
   245     3    -2     1     1.853    -1.235     0.618     5.341795814
   246     3    -1    -2     1.853    -0.618    -1.235     5.341795814
   247     3    -1     2     1.853    -0.618     1.235     5.341795814
   248     3     1    -2     1.853     0.618    -1.235     5.341795814
   249     3     1     2     1.853     0.618     1.235     5.341795814
   250     3     2    -1     1.853     1.235    -0.618     5.341795814
   251     3     2     1     1.853     1.235     0.618     5.341795814
   252    -4     0     0    -2.471     0.000     0.000     6.104909502
   253     0    -4     0     0.000    -2.471     0.000     6.104909502
   254     0     0    -4     0.000     0.000    -2.471     6.104909502
   255     0     0     4     0.000     0.000     2.471     6.104909502
   256     0     4     0     0.000     2.471     0.000     6.104909502
   257     4     0     0     2.471     0.000     0.000     6.104909502
   258    -4    -1     0    -2.471    -0.618     0.000     6.486466346
   259    -4     0    -1    -2.471     0.000    -0.618     6.486466346
   260    -4     0     1    -2.471     0.000     0.618     6.486466346
   261    -4     1     0    -2.471     0.618     0.000     6.486466346
   262    -3    -2    -2    -1.853    -1.235    -1.235     6.486466346
   263    -3    -2     2    -1.853    -1.235     1.235     6.486466346
   264    -3     2    -2    -1.853     1.235    -1.235     6.486466346
   265    -3     2     2    -1.853     1.235     1.235     6.486466346
   266    -2    -3    -2    -1.235    -1.853    -1.235     6.486466346
   267    -2    -3     2    -1.235    -1.853     1.235     6.486466346
   268    -2    -2    -3    -1.235    -1.235    -1.853     6.486466346
   269    -2    -2     3    -1.235    -1.235     1.853     6.486466346
   270    -2     2    -3    -1.235     1.235    -1.853     6.486466346
   271    -2     2     3    -1.235     1.235     1.853     6.486466346
   272    -2     3    -2    -1.235     1.853    -1.235     6.486466346
   273    -2     3     2    -1.235     1.853     1.235     6.486466346
   274    -1    -4     0    -0.618    -2.471     0.000     6.486466346
   275    -1     0    -4    -0.618     0.000    -2.471     6.486466346
   276    -1     0     4    -0.618     0.000     2.471     6.486466346
   277    -1     4     0    -0.618     2.471     0.000     6.486466346
   278     0    -4    -1     0.000    -2.471    -0.618     6.486466346
   279     0    -4     1     0.000    -2.471     0.618     6.486466346
   280     0    -1    -4     0.000    -0.618    -2.471     6.486466346
   281     0    -1     4     0.000    -0.618     2.471     6.486466346
   282     0     1    -4     0.000     0.618    -2.471     6.486466346
   283     0     1     4     0.000     0.618     2.471     6.486466346
   284     0     4    -1     0.000     2.471    -0.618     6.486466346
   285     0     4     1     0.000     2.471     0.618     6.486466346
   286     1    -4     0     0.618    -2.471     0.000     6.486466346
   287     1     0    -4     0.618     0.000    -2.471     6.486466346
   288     1     0     4     0.618     0.000     2.471     6.486466346
   289     1     4     0     0.618     2.471     0.000     6.486466346
   290     2    -3    -2     1.235    -1.853    -1.235     6.486466346
   291     2    -3     2     1.235    -1.853     1.235     6.486466346
   292     2    -2    -3     1.235    -1.235    -1.853     6.486466346
   293     2    -2     3     1.235    -1.235     1.853     6.486466346
   294     2     2    -3     1.235     1.235    -1.853     6.486466346
   295     2     2     3     1.235     1.235     1.853     6.486466346
   296     2     3    -2     1.235     1.853    -1.235     6.486466346
   297     2     3     2     1.235     1.853     1.235     6.486466346
   298     3    -2    -2     1.853    -1.235    -1.235     6.486466346
   299     3    -2     2     1.853    -1.235     1.235     6.486466346
   300     3     2    -2     1.853     1.235    -1.235     6.486466346
   301     3     2     2     1.853     1.235     1.235     6.486466346
   302     4    -1     0     2.471    -0.618     0.000     6.486466346
   303     4     0    -1     2.471     0.000    -0.618     6.486466346
   304     4     0     1     2.471     0.000     0.618     6.486466346
   305     4     1     0     2.471     0.618     0.000     6.486466346
   306    -4    -1    -1    -2.471    -0.618    -0.618     6.868023189
   307    -4    -1     1    -2.471    -0.618     0.618     6.868023189
   308    -4     1    -1    -2.471     0.618    -0.618     6.868023189
   309    -4     1     1    -2.471     0.618     0.618     6.868023189
   310    -3    -3     0    -1.853    -1.853     0.000     6.868023189
   311    -3     0    -3    -1.853     0.000    -1.853     6.868023189
   312    -3     0     3    -1.853     0.000     1.853     6.868023189
   313    -3     3     0    -1.853     1.853     0.000     6.868023189
   314    -1    -4    -1    -0.618    -2.471    -0.618     6.868023189
   315    -1    -4     1    -0.618    -2.471     0.618     6.868023189
   316    -1    -1    -4    -0.618    -0.618    -2.471     6.868023189
   317    -1    -1     4    -0.618    -0.618     2.471     6.868023189
   318    -1     1    -4    -0.618     0.618    -2.471     6.868023189
   319    -1     1     4    -0.618     0.618     2.471     6.868023189
   320    -1     4    -1    -0.618     2.471    -0.618     6.868023189
   321    -1     4     1    -0.618     2.471     0.618     6.868023189
   322     0    -3    -3     0.000    -1.853    -1.853     6.868023189
   323     0    -3     3     0.000    -1.853     1.853     6.868023189
   324     0     3    -3     0.000     1.853    -1.853     6.868023189
   325     0     3     3     0.000     1.853     1.853     6.868023189
   326     1    -4    -1     0.618    -2.471    -0.618     6.868023189
   327     1    -4     1     0.618    -2.471     0.618     6.868023189
   328     1    -1    -4     0.618    -0.618    -2.471     6.868023189
   329     1    -1     4     0.618    -0.618     2.471     6.868023189
   330     1     1    -4     0.618     0.618    -2.471     6.868023189
   331     1     1     4     0.618     0.618     2.471     6.868023189
   332     1     4    -1     0.618     2.471    -0.618     6.868023189
   333     1     4     1     0.618     2.471     0.618     6.868023189
   334     3    -3     0     1.853    -1.853     0.000     6.868023189
   335     3     0    -3     1.853     0.000    -1.853     6.868023189
   336     3     0     3     1.853     0.000     1.853     6.868023189
   337     3     3     0     1.853     1.853     0.000     6.868023189
   338     4    -1    -1     2.471    -0.618    -0.618     6.868023189
   339     4    -1     1     2.471    -0.618     0.618     6.868023189
   340     4     1    -1     2.471     0.618    -0.618     6.868023189
   341     4     1     1     2.471     0.618     0.618     6.868023189
   342    -3    -3    -1    -1.853    -1.853    -0.618     7.249580033
   343    -3    -3     1    -1.853    -1.853     0.618     7.249580033
   344    -3    -1    -3    -1.853    -0.618    -1.853     7.249580033
   345    -3    -1     3    -1.853    -0.618     1.853     7.249580033
   346    -3     1    -3    -1.853     0.618    -1.853     7.249580033
   347    -3     1     3    -1.853     0.618     1.853     7.249580033
   348    -3     3    -1    -1.853     1.853    -0.618     7.249580033
   349    -3     3     1    -1.853     1.853     0.618     7.249580033
   350    -1    -3    -3    -0.618    -1.853    -1.853     7.249580033
   351    -1    -3     3    -0.618    -1.853     1.853     7.249580033
   352    -1     3    -3    -0.618     1.853    -1.853     7.249580033
   353    -1     3     3    -0.618     1.853     1.853     7.249580033
   354     1    -3    -3     0.618    -1.853    -1.853     7.249580033
   355     1    -3     3     0.618    -1.853     1.853     7.249580033
   356     1     3    -3     0.618     1.853    -1.853     7.249580033
   357     1     3     3     0.618     1.853     1.853     7.249580033
   358     3    -3    -1     1.853    -1.853    -0.618     7.249580033
   359     3    -3     1     1.853    -1.853     0.618     7.249580033
   360     3    -1    -3     1.853    -0.618    -1.853     7.249580033
   361     3    -1     3     1.853    -0.618     1.853     7.249580033
   362     3     1    -3     1.853     0.618    -1.853     7.249580033
   363     3     1     3     1.853     0.618     1.853     7.249580033
   364     3     3    -1     1.853     1.853    -0.618     7.249580033
   365     3     3     1     1.853     1.853     0.618     7.249580033
   366    -4    -2     0    -2.471    -1.235     0.000     7.631136877
   367    -4     0    -2    -2.471     0.000    -1.235     7.631136877
   368    -4     0     2    -2.471     0.000     1.235     7.631136877
   369    -4     2     0    -2.471     1.235     0.000     7.631136877
   370    -2    -4     0    -1.235    -2.471     0.000     7.631136877
   371    -2     0    -4    -1.235     0.000    -2.471     7.631136877
   372    -2     0     4    -1.235     0.000     2.471     7.631136877
   373    -2     4     0    -1.235     2.471     0.000     7.631136877
   374     0    -4    -2     0.000    -2.471    -1.235     7.631136877
   375     0    -4     2     0.000    -2.471     1.235     7.631136877
   376     0    -2    -4     0.000    -1.235    -2.471     7.631136877
   377     0    -2     4     0.000    -1.235     2.471     7.631136877
   378     0     2    -4     0.000     1.235    -2.471     7.631136877
   379     0     2     4     0.000     1.235     2.471     7.631136877
   380     0     4    -2     0.000     2.471    -1.235     7.631136877
   381     0     4     2     0.000     2.471     1.235     7.631136877
   382     2    -4     0     1.235    -2.471     0.000     7.631136877
   383     2     0    -4     1.235     0.000    -2.471     7.631136877
   384     2     0     4     1.235     0.000     2.471     7.631136877
   385     2     4     0     1.235     2.471     0.000     7.631136877
   386     4    -2     0     2.471    -1.235     0.000     7.631136877
   387     4     0    -2     2.471     0.000    -1.235     7.631136877
   388     4     0     2     2.471     0.000     1.235     7.631136877
   389     4     2     0     2.471     1.235     0.000     7.631136877
   390    -4    -2    -1    -2.471    -1.235    -0.618     8.012693721
   391    -4    -2     1    -2.471    -1.235     0.618     8.012693721
   392    -4    -1    -2    -2.471    -0.618    -1.235     8.012693721
   393    -4    -1     2    -2.471    -0.618     1.235     8.012693721
   394    -4     1    -2    -2.471     0.618    -1.235     8.012693721
   395    -4     1     2    -2.471     0.618     1.235     8.012693721
   396    -4     2    -1    -2.471     1.235    -0.618     8.012693721
   397    -4     2     1    -2.471     1.235     0.618     8.012693721
   398    -2    -4    -1    -1.235    -2.471    -0.618     8.012693721
   399    -2    -4     1    -1.235    -2.471     0.618     8.012693721
   400    -2    -1    -4    -1.235    -0.618    -2.471     8.012693721
   401    -2    -1     4    -1.235    -0.618     2.471     8.012693721
   402    -2     1    -4    -1.235     0.618    -2.471     8.012693721
   403    -2     1     4    -1.235     0.618     2.471     8.012693721
   404    -2     4    -1    -1.235     2.471    -0.618     8.012693721
   405    -2     4     1    -1.235     2.471     0.618     8.012693721
   406    -1    -4    -2    -0.618    -2.471    -1.235     8.012693721
   407    -1    -4     2    -0.618    -2.471     1.235     8.012693721
   408    -1    -2    -4    -0.618    -1.235    -2.471     8.012693721
   409    -1    -2     4    -0.618    -1.235     2.471     8.012693721
   410    -1     2    -4    -0.618     1.235    -2.471     8.012693721
   411    -1     2     4    -0.618     1.235     2.471     8.012693721
   412    -1     4    -2    -0.618     2.471    -1.235     8.012693721
   413    -1     4     2    -0.618     2.471     1.235     8.012693721
   414     1    -4    -2     0.618    -2.471    -1.235     8.012693721
   415     1    -4     2     0.618    -2.471     1.235     8.012693721
   416     1    -2    -4     0.618    -1.235    -2.471     8.012693721
   417     1    -2     4     0.618    -1.235     2.471     8.012693721
   418     1     2    -4     0.618     1.235    -2.471     8.012693721
   419     1     2     4     0.618     1.235     2.471     8.012693721
   420     1     4    -2     0.618     2.471    -1.235     8.012693721
   421     1     4     2     0.618     2.471     1.235     8.012693721
   422     2    -4    -1     1.235    -2.471    -0.618     8.012693721
   423     2    -4     1     1.235    -2.471     0.618     8.012693721
   424     2    -1    -4     1.235    -0.618    -2.471     8.012693721
   425     2    -1     4     1.235    -0.618     2.471     8.012693721
   426     2     1    -4     1.235     0.618    -2.471     8.012693721
   427     2     1     4     1.235     0.618     2.471     8.012693721
   428     2     4    -1     1.235     2.471    -0.618     8.012693721
   429     2     4     1     1.235     2.471     0.618     8.012693721
   430     4    -2    -1     2.471    -1.235    -0.618     8.012693721
   431     4    -2     1     2.471    -1.235     0.618     8.012693721
   432     4    -1    -2     2.471    -0.618    -1.235     8.012693721
   433     4    -1     2     2.471    -0.618     1.235     8.012693721
   434     4     1    -2     2.471     0.618    -1.235     8.012693721
   435     4     1     2     2.471     0.618     1.235     8.012693721
   436     4     2    -1     2.471     1.235    -0.618     8.012693721
   437     4     2     1     2.471     1.235     0.618     8.012693721
   438    -3    -3    -2    -1.853    -1.853    -1.235     8.394250565
   439    -3    -3     2    -1.853    -1.853     1.235     8.394250565
   440    -3    -2    -3    -1.853    -1.235    -1.853     8.394250565
   441    -3    -2     3    -1.853    -1.235     1.853     8.394250565
   442    -3     2    -3    -1.853     1.235    -1.853     8.394250565
   443    -3     2     3    -1.853     1.235     1.853     8.394250565
   444    -3     3    -2    -1.853     1.853    -1.235     8.394250565
   445    -3     3     2    -1.853     1.853     1.235     8.394250565
   446    -2    -3    -3    -1.235    -1.853    -1.853     8.394250565
   447    -2    -3     3    -1.235    -1.853     1.853     8.394250565
   448    -2     3    -3    -1.235     1.853    -1.853     8.394250565
   449    -2     3     3    -1.235     1.853     1.853     8.394250565
   450     2    -3    -3     1.235    -1.853    -1.853     8.394250565
   451     2    -3     3     1.235    -1.853     1.853     8.394250565
   452     2     3    -3     1.235     1.853    -1.853     8.394250565
   453     2     3     3     1.235     1.853     1.853     8.394250565
   454     3    -3    -2     1.853    -1.853    -1.235     8.394250565
   455     3    -3     2     1.853    -1.853     1.235     8.394250565
   456     3    -2    -3     1.853    -1.235    -1.853     8.394250565
   457     3    -2     3     1.853    -1.235     1.853     8.394250565
   458     3     2    -3     1.853     1.235    -1.853     8.394250565
   459     3     2     3     1.853     1.235     1.853     8.394250565
   460     3     3    -2     1.853     1.853    -1.235     8.394250565
   461     3     3     2     1.853     1.853     1.235     8.394250565
   462    -4    -2    -2    -2.471    -1.235    -1.235     9.157364252
   463    -4    -2     2    -2.471    -1.235     1.235     9.157364252
   464    -4     2    -2    -2.471     1.235    -1.235     9.157364252
   465    -4     2     2    -2.471     1.235     1.235     9.157364252
   466    -2    -4    -2    -1.235    -2.471    -1.235     9.157364252
   467    -2    -4     2    -1.235    -2.471     1.235     9.157364252
   468    -2    -2    -4    -1.235    -1.235    -2.471     9.157364252
   469    -2    -2     4    -1.235    -1.235     2.471     9.157364252
   470    -2     2    -4    -1.235     1.235    -2.471     9.157364252
   471    -2     2     4    -1.235     1.235     2.471     9.157364252
   472    -2     4    -2    -1.235     2.471    -1.235     9.157364252
   473    -2     4     2    -1.235     2.471     1.235     9.157364252
   474     2    -4    -2     1.235    -2.471    -1.235     9.157364252
   475     2    -4     2     1.235    -2.471     1.235     9.157364252
   476     2    -2    -4     1.235    -1.235    -2.471     9.157364252
   477     2    -2     4     1.235    -1.235     2.471     9.157364252
   478     2     2    -4     1.235     1.235    -2.471     9.157364252
   479     2     2     4     1.235     1.235     2.471     9.157364252
   480     2     4    -2     1.235     2.471    -1.235     9.157364252
   481     2     4     2     1.235     2.471     1.235     9.157364252
   482     4    -2    -2     2.471    -1.235    -1.235     9.157364252
   483     4    -2     2     2.471    -1.235     1.235     9.157364252
   484     4     2    -2     2.471     1.235    -1.235     9.157364252
   485     4     2     2     2.471     1.235     1.235     9.157364252
   486    -5     0     0    -3.089     0.000     0.000     9.538921096
   487    -4    -3     0    -2.471    -1.853     0.000     9.538921096
   488    -4     0    -3    -2.471     0.000    -1.853     9.538921096
   489    -4     0     3    -2.471     0.000     1.853     9.538921096
   490    -4     3     0    -2.471     1.853     0.000     9.538921096
   491    -3    -4     0    -1.853    -2.471     0.000     9.538921096
   492    -3     0    -4    -1.853     0.000    -2.471     9.538921096
   493    -3     0     4    -1.853     0.000     2.471     9.538921096
   494    -3     4     0    -1.853     2.471     0.000     9.538921096
   495     0    -5     0     0.000    -3.089     0.000     9.538921096
   496     0    -4    -3     0.000    -2.471    -1.853     9.538921096
   497     0    -4     3     0.000    -2.471     1.853     9.538921096
   498     0    -3    -4     0.000    -1.853    -2.471     9.538921096
   499     0    -3     4     0.000    -1.853     2.471     9.538921096
   500     0     0    -5     0.000     0.000    -3.089     9.538921096
   501     0     0     5     0.000     0.000     3.089     9.538921096
   502     0     3    -4     0.000     1.853    -2.471     9.538921096
   503     0     3     4     0.000     1.853     2.471     9.538921096
   504     0     4    -3     0.000     2.471    -1.853     9.538921096
   505     0     4     3     0.000     2.471     1.853     9.538921096
   506     0     5     0     0.000     3.089     0.000     9.538921096
   507     3    -4     0     1.853    -2.471     0.000     9.538921096
   508     3     0    -4     1.853     0.000    -2.471     9.538921096
   509     3     0     4     1.853     0.000     2.471     9.538921096
   510     3     4     0     1.853     2.471     0.000     9.538921096
   511     4    -3     0     2.471    -1.853     0.000     9.538921096
   512     4     0    -3     2.471     0.000    -1.853     9.538921096
   513     4     0     3     2.471     0.000     1.853     9.538921096
   514     4     3     0     2.471     1.853     0.000     9.538921096
   515     5     0     0     3.089     0.000     0.000     9.538921096
   516    -5    -1     0    -3.089    -0.618     0.000     9.920477940
   517    -5     0    -1    -3.089     0.000    -0.618     9.920477940
   518    -5     0     1    -3.089     0.000     0.618     9.920477940
   519    -5     1     0    -3.089     0.618     0.000     9.920477940
   520    -4    -3    -1    -2.471    -1.853    -0.618     9.920477940
   521    -4    -3     1    -2.471    -1.853     0.618     9.920477940
   522    -4    -1    -3    -2.471    -0.618    -1.853     9.920477940
   523    -4    -1     3    -2.471    -0.618     1.853     9.920477940
   524    -4     1    -3    -2.471     0.618    -1.853     9.920477940
   525    -4     1     3    -2.471     0.618     1.853     9.920477940
   526    -4     3    -1    -2.471     1.853    -0.618     9.920477940
   527    -4     3     1    -2.471     1.853     0.618     9.920477940
   528    -3    -4    -1    -1.853    -2.471    -0.618     9.920477940
   529    -3    -4     1    -1.853    -2.471     0.618     9.920477940
   530    -3    -1    -4    -1.853    -0.618    -2.471     9.920477940
   531    -3    -1     4    -1.853    -0.618     2.471     9.920477940
   532    -3     1    -4    -1.853     0.618    -2.471     9.920477940
   533    -3     1     4    -1.853     0.618     2.471     9.920477940
   534    -3     4    -1    -1.853     2.471    -0.618     9.920477940
   535    -3     4     1    -1.853     2.471     0.618     9.920477940
   536    -1    -5     0    -0.618    -3.089     0.000     9.920477940
   537    -1    -4    -3    -0.618    -2.471    -1.853     9.920477940
   538    -1    -4     3    -0.618    -2.471     1.853     9.920477940
   539    -1    -3    -4    -0.618    -1.853    -2.471     9.920477940
   540    -1    -3     4    -0.618    -1.853     2.471     9.920477940
   541    -1     0    -5    -0.618     0.000    -3.089     9.920477940
   542    -1     0     5    -0.618     0.000     3.089     9.920477940
   543    -1     3    -4    -0.618     1.853    -2.471     9.920477940
   544    -1     3     4    -0.618     1.853     2.471     9.920477940
   545    -1     4    -3    -0.618     2.471    -1.853     9.920477940
   546    -1     4     3    -0.618     2.471     1.853     9.920477940
   547    -1     5     0    -0.618     3.089     0.000     9.920477940
   548     0    -5    -1     0.000    -3.089    -0.618     9.920477940
   549     0    -5     1     0.000    -3.089     0.618     9.920477940
   550     0    -1    -5     0.000    -0.618    -3.089     9.920477940
   551     0    -1     5     0.000    -0.618     3.089     9.920477940
   552     0     1    -5     0.000     0.618    -3.089     9.920477940
   553     0     1     5     0.000     0.618     3.089     9.920477940
   554     0     5    -1     0.000     3.089    -0.618     9.920477940
   555     0     5     1     0.000     3.089     0.618     9.920477940
   556     1    -5     0     0.618    -3.089     0.000     9.920477940
   557     1    -4    -3     0.618    -2.471    -1.853     9.920477940
   558     1    -4     3     0.618    -2.471     1.853     9.920477940
   559     1    -3    -4     0.618    -1.853    -2.471     9.920477940
   560     1    -3     4     0.618    -1.853     2.471     9.920477940
   561     1     0    -5     0.618     0.000    -3.089     9.920477940
   562     1     0     5     0.618     0.000     3.089     9.920477940
   563     1     3    -4     0.618     1.853    -2.471     9.920477940
   564     1     3     4     0.618     1.853     2.471     9.920477940
   565     1     4    -3     0.618     2.471    -1.853     9.920477940
   566     1     4     3     0.618     2.471     1.853     9.920477940
   567     1     5     0     0.618     3.089     0.000     9.920477940
   568     3    -4    -1     1.853    -2.471    -0.618     9.920477940
   569     3    -4     1     1.853    -2.471     0.618     9.920477940
   570     3    -1    -4     1.853    -0.618    -2.471     9.920477940
   571     3    -1     4     1.853    -0.618     2.471     9.920477940
   572     3     1    -4     1.853     0.618    -2.471     9.920477940
   573     3     1     4     1.853     0.618     2.471     9.920477940
   574     3     4    -1     1.853     2.471    -0.618     9.920477940
   575     3     4     1     1.853     2.471     0.618     9.920477940
   576     4    -3    -1     2.471    -1.853    -0.618     9.920477940
   577     4    -3     1     2.471    -1.853     0.618     9.920477940
   578     4    -1    -3     2.471    -0.618    -1.853     9.920477940
   579     4    -1     3     2.471    -0.618     1.853     9.920477940
   580     4     1    -3     2.471     0.618    -1.853     9.920477940
   581     4     1     3     2.471     0.618     1.853     9.920477940
   582     4     3    -1     2.471     1.853    -0.618     9.920477940
   583     4     3     1     2.471     1.853     0.618     9.920477940
   584     5    -1     0     3.089    -0.618     0.000     9.920477940
   585     5     0    -1     3.089     0.000    -0.618     9.920477940
   586     5     0     1     3.089     0.000     0.618     9.920477940
   587     5     1     0     3.089     0.618     0.000     9.920477940

