K_POINTS crystal
   64
  0.000000000  0.000000000  0.000000000   1.0
  0.000000000  0.055555556  0.000000000   3.0
  0.000000000  0.111111111  0.000000000   3.0
  0.000000000  0.166666667  0.000000000   3.0
  0.000000000  0.222222222  0.000000000   3.0
  0.000000000  0.277777778  0.000000000   3.0
  0.000000000  0.333333333  0.000000000   3.0
  0.000000000  0.388888889  0.000000000   3.0
  0.000000000  0.444444444  0.000000000   3.0
  0.000000000  0.500000000  0.000000000   3.0
  0.000000000  0.555555556  0.000000000   3.0
  0.000000000  0.611111111  0.000000000   3.0
  0.000000000  0.666666667  0.000000000   3.0
  0.000000000  0.722222222  0.000000000   3.0
  0.000000000  0.777777778  0.000000000   3.0
  0.000000000  0.833333333  0.000000000   3.0
  0.000000000  0.888888889  0.000000000   3.0
  0.000000000  0.944444444  0.000000000   3.0
  0.055555556  0.055555556  0.000000000   6.0
  0.055555556  0.111111111  0.000000000   6.0
  0.055555556  0.166666667  0.000000000   6.0
  0.055555556  0.222222222  0.000000000   6.0
  0.055555556  0.277777778  0.000000000   6.0
  0.055555556  0.333333333  0.000000000   6.0
  0.055555556  0.388888889  0.000000000   6.0
  0.055555556  0.444444444  0.000000000   6.0
  0.055555556  0.500000000  0.000000000   6.0
  0.055555556  0.555555556  0.000000000   6.0
  0.055555556  0.611111111  0.000000000   6.0
  0.055555556  0.666666667  0.000000000   6.0
  0.055555556  0.722222222  0.000000000   6.0
  0.055555556  0.777777778  0.000000000   6.0
  0.055555556  0.833333333  0.000000000   6.0
  0.111111111  0.111111111  0.000000000   6.0
  0.111111111  0.166666667  0.000000000   6.0
  0.111111111  0.222222222  0.000000000   6.0
  0.111111111  0.277777778  0.000000000   6.0
  0.111111111  0.333333333  0.000000000   6.0
  0.111111111  0.388888889  0.000000000   6.0
  0.111111111  0.444444444  0.000000000   6.0
  0.111111111  0.500000000  0.000000000   6.0
  0.111111111  0.555555556  0.000000000   6.0
  0.111111111  0.611111111  0.000000000   6.0
  0.111111111  0.666666667  0.000000000   6.0
  0.111111111  0.722222222  0.000000000   6.0
  0.166666667  0.166666667  0.000000000   6.0
  0.166666667  0.222222222  0.000000000   6.0
  0.166666667  0.277777778  0.000000000   6.0
  0.166666667  0.333333333  0.000000000   6.0
  0.166666667  0.388888889  0.000000000   6.0
  0.166666667  0.444444444  0.000000000   6.0
  0.166666667  0.500000000  0.000000000   6.0
  0.166666667  0.555555556  0.000000000   6.0
  0.166666667  0.611111111  0.000000000   6.0
  0.222222222  0.222222222  0.000000000   6.0
  0.222222222  0.277777778  0.000000000   6.0
  0.222222222  0.333333333  0.000000000   6.0
  0.222222222  0.388888889  0.000000000   6.0
  0.222222222  0.444444444  0.000000000   6.0
  0.222222222  0.500000000  0.000000000   6.0
  0.277777778  0.277777778  0.000000000   6.0
  0.277777778  0.333333333  0.000000000   6.0
  0.277777778  0.388888889  0.000000000   6.0
  0.333333333  0.333333333  0.000000000   2.0
