k-points are in crystal coordinates
nk(3) =     5    5    5
dk(3) =   0.000000000  0.000000000  0.000000000

direct lattice vectors
a1 =   0.991293120  0.000000000  0.000000000
a2 =   0.000000000  0.991293120  0.000000000
a3 =   0.000000000  0.000000000  0.991293120

unit cell volume =  0.974106129E+00

reciprocal lattice vectors
b1 =   6.338372758  0.000000000  0.000000000
b2 =   0.000000000  6.338372758  0.000000000
b3 =   0.000000000  0.000000000  6.338372758

symmetries of the Bravais lattice
Space group 221, symbol Pm-3m                
r01 =     1   0   0     0   1   0     0   0   1
r02 =     1   0   0     0   1   0     0   0  -1
r03 =     1   0   0     0   0   1     0   1   0
r04 =     1   0   0     0   0   1     0  -1   0
r05 =     1   0   0     0  -1   0     0   0   1
r06 =     1   0   0     0  -1   0     0   0  -1
r07 =     1   0   0     0   0  -1     0   1   0
r08 =     1   0   0     0   0  -1     0  -1   0
r09 =     0   1   0     1   0   0     0   0   1
r10 =     0   1   0     1   0   0     0   0  -1
r11 =     0   1   0     0   0   1     1   0   0
r12 =     0   1   0     0   0   1    -1   0   0
r13 =     0   1   0    -1   0   0     0   0   1
r14 =     0   1   0    -1   0   0     0   0  -1
r15 =     0   1   0     0   0  -1     1   0   0
r16 =     0   1   0     0   0  -1    -1   0   0
r17 =     0   0   1     1   0   0     0   1   0
r18 =     0   0   1     1   0   0     0  -1   0
r19 =     0   0   1     0   1   0     1   0   0
r20 =     0   0   1     0   1   0    -1   0   0
r21 =     0   0   1    -1   0   0     0   1   0
r22 =     0   0   1    -1   0   0     0  -1   0
r23 =     0   0   1     0  -1   0     1   0   0
r24 =     0   0   1     0  -1   0    -1   0   0
r25 =    -1   0   0     0   1   0     0   0   1
r26 =    -1   0   0     0   1   0     0   0  -1
r27 =    -1   0   0     0   0   1     0   1   0
r28 =    -1   0   0     0   0   1     0  -1   0
r29 =    -1   0   0     0  -1   0     0   0   1
r30 =    -1   0   0     0  -1   0     0   0  -1
r31 =    -1   0   0     0   0  -1     0   1   0
r32 =    -1   0   0     0   0  -1     0  -1   0
r33 =     0  -1   0     1   0   0     0   0   1
r34 =     0  -1   0     1   0   0     0   0  -1
r35 =     0  -1   0     0   0   1     1   0   0
r36 =     0  -1   0     0   0   1    -1   0   0
r37 =     0  -1   0    -1   0   0     0   0   1
r38 =     0  -1   0    -1   0   0     0   0  -1
r39 =     0  -1   0     0   0  -1     1   0   0
r40 =     0  -1   0     0   0  -1    -1   0   0
r41 =     0   0  -1     1   0   0     0   1   0
r42 =     0   0  -1     1   0   0     0  -1   0
r43 =     0   0  -1     0   1   0     1   0   0
r44 =     0   0  -1     0   1   0    -1   0   0
r45 =     0   0  -1    -1   0   0     0   1   0
r46 =     0   0  -1    -1   0   0     0  -1   0
r47 =     0   0  -1     0  -1   0     1   0   0
r48 =     0   0  -1     0  -1   0    -1   0   0

symmetries of the crystal
Space group 227, symbol Fd-3m                
r01 =     1   0   0     0   1   0     0   0   1
r02 =     1   0   0     0   0   1     0   1   0
r03 =     0   1   0     1   0   0     0   0   1
r04 =     0   1   0     0   0   1     1   0   0
r05 =     0   0   1     1   0   0     0   1   0
r06 =     0   0   1     0   1   0     1   0   0

symmetries that reduce the k-points
r02 =     1   0   0     0   0   1     0   1   0
r03 =     0   1   0     1   0   0     0   0   1

k-points in the original uniform grid
  125
    1  0.000000000  0.000000000  0.000000000   1.0    0  ---
    2  0.000000000  0.000000000  0.200000000   3.0    0  ---
    3  0.000000000  0.000000000  0.400000000   3.0    0  ---
    4  0.000000000  0.000000000  0.600000000   3.0    0  ---
    5  0.000000000  0.000000000  0.800000000   3.0    0  ---
    6  0.000000000  0.200000000  0.000000000   0.0    2  r02
    7  0.000000000  0.200000000  0.200000000   3.0    0  ---
    8  0.000000000  0.200000000  0.400000000   6.0    0  ---
    9  0.000000000  0.200000000  0.600000000   6.0    0  ---
   10  0.000000000  0.200000000  0.800000000   6.0    0  ---
   11  0.000000000  0.400000000  0.000000000   0.0    3  r02
   12  0.000000000  0.400000000  0.200000000   0.0    8  r02
   13  0.000000000  0.400000000  0.400000000   3.0    0  ---
   14  0.000000000  0.400000000  0.600000000   6.0    0  ---
   15  0.000000000  0.400000000  0.800000000   6.0    0  ---
   16  0.000000000  0.600000000  0.000000000   0.0    4  r02
   17  0.000000000  0.600000000  0.200000000   0.0    9  r02
   18  0.000000000  0.600000000  0.400000000   0.0   14  r02
   19  0.000000000  0.600000000  0.600000000   3.0    0  ---
   20  0.000000000  0.600000000  0.800000000   6.0    0  ---
   21  0.000000000  0.800000000  0.000000000   0.0    5  r02
   22  0.000000000  0.800000000  0.200000000   0.0   10  r02
   23  0.000000000  0.800000000  0.400000000   0.0   15  r02
   24  0.000000000  0.800000000  0.600000000   0.0   20  r02
   25  0.000000000  0.800000000  0.800000000   3.0    0  ---
   26  0.200000000  0.000000000  0.000000000   0.0    2  r03
   27  0.200000000  0.000000000  0.200000000   0.0    7  r03
   28  0.200000000  0.000000000  0.400000000   0.0    8  r03
   29  0.200000000  0.000000000  0.600000000   0.0    9  r03
   30  0.200000000  0.000000000  0.800000000   0.0   10  r03
   31  0.200000000  0.200000000  0.000000000   0.0    7  r02
   32  0.200000000  0.200000000  0.200000000   1.0    0  ---
   33  0.200000000  0.200000000  0.400000000   3.0    0  ---
   34  0.200000000  0.200000000  0.600000000   3.0    0  ---
   35  0.200000000  0.200000000  0.800000000   3.0    0  ---
   36  0.200000000  0.400000000  0.000000000   0.0    8  r02
   37  0.200000000  0.400000000  0.200000000   0.0   33  r02
   38  0.200000000  0.400000000  0.400000000   3.0    0  ---
   39  0.200000000  0.400000000  0.600000000   6.0    0  ---
   40  0.200000000  0.400000000  0.800000000   6.0    0  ---
   41  0.200000000  0.600000000  0.000000000   0.0    9  r02
   42  0.200000000  0.600000000  0.200000000   0.0   34  r02
   43  0.200000000  0.600000000  0.400000000   0.0   39  r02
   44  0.200000000  0.600000000  0.600000000   3.0    0  ---
   45  0.200000000  0.600000000  0.800000000   6.0    0  ---
   46  0.200000000  0.800000000  0.000000000   0.0   10  r02
   47  0.200000000  0.800000000  0.200000000   0.0   35  r02
   48  0.200000000  0.800000000  0.400000000   0.0   40  r02
   49  0.200000000  0.800000000  0.600000000   0.0   45  r02
   50  0.200000000  0.800000000  0.800000000   3.0    0  ---
   51  0.400000000  0.000000000  0.000000000   0.0    3  r03
   52  0.400000000  0.000000000  0.200000000   0.0    8  r03
   53  0.400000000  0.000000000  0.400000000   0.0   13  r03
   54  0.400000000  0.000000000  0.600000000   0.0   14  r03
   55  0.400000000  0.000000000  0.800000000   0.0   15  r03
   56  0.400000000  0.200000000  0.000000000   0.0    8  r02
   57  0.400000000  0.200000000  0.200000000   0.0   33  r03
   58  0.400000000  0.200000000  0.400000000   0.0   38  r03
   59  0.400000000  0.200000000  0.600000000   0.0   39  r03
   60  0.400000000  0.200000000  0.800000000   0.0   40  r03
   61  0.400000000  0.400000000  0.000000000   0.0   13  r02
   62  0.400000000  0.400000000  0.200000000   0.0   38  r02
   63  0.400000000  0.400000000  0.400000000   1.0    0  ---
   64  0.400000000  0.400000000  0.600000000   3.0    0  ---
   65  0.400000000  0.400000000  0.800000000   3.0    0  ---
   66  0.400000000  0.600000000  0.000000000   0.0   14  r02
   67  0.400000000  0.600000000  0.200000000   0.0   39  r02
   68  0.400000000  0.600000000  0.400000000   0.0   64  r02
   69  0.400000000  0.600000000  0.600000000   3.0    0  ---
   70  0.400000000  0.600000000  0.800000000   6.0    0  ---
   71  0.400000000  0.800000000  0.000000000   0.0   15  r02
   72  0.400000000  0.800000000  0.200000000   0.0   40  r02
   73  0.400000000  0.800000000  0.400000000   0.0   65  r02
   74  0.400000000  0.800000000  0.600000000   0.0   70  r02
   75  0.400000000  0.800000000  0.800000000   3.0    0  ---
   76  0.600000000  0.000000000  0.000000000   0.0    4  r03
   77  0.600000000  0.000000000  0.200000000   0.0    9  r03
   78  0.600000000  0.000000000  0.400000000   0.0   14  r03
   79  0.600000000  0.000000000  0.600000000   0.0   19  r03
   80  0.600000000  0.000000000  0.800000000   0.0   20  r03
   81  0.600000000  0.200000000  0.000000000   0.0    9  r02
   82  0.600000000  0.200000000  0.200000000   0.0   34  r03
   83  0.600000000  0.200000000  0.400000000   0.0   39  r03
   84  0.600000000  0.200000000  0.600000000   0.0   44  r03
   85  0.600000000  0.200000000  0.800000000   0.0   45  r03
   86  0.600000000  0.400000000  0.000000000   0.0   14  r02
   87  0.600000000  0.400000000  0.200000000   0.0   39  r02
   88  0.600000000  0.400000000  0.400000000   0.0   64  r03
   89  0.600000000  0.400000000  0.600000000   0.0   69  r03
   90  0.600000000  0.400000000  0.800000000   0.0   70  r03
   91  0.600000000  0.600000000  0.000000000   0.0   19  r02
   92  0.600000000  0.600000000  0.200000000   0.0   44  r02
   93  0.600000000  0.600000000  0.400000000   0.0   69  r02
   94  0.600000000  0.600000000  0.600000000   1.0    0  ---
   95  0.600000000  0.600000000  0.800000000   3.0    0  ---
   96  0.600000000  0.800000000  0.000000000   0.0   20  r02
   97  0.600000000  0.800000000  0.200000000   0.0   45  r02
   98  0.600000000  0.800000000  0.400000000   0.0   70  r02
   99  0.600000000  0.800000000  0.600000000   0.0   95  r02
  100  0.600000000  0.800000000  0.800000000   3.0    0  ---
  101  0.800000000  0.000000000  0.000000000   0.0    5  r03
  102  0.800000000  0.000000000  0.200000000   0.0   10  r03
  103  0.800000000  0.000000000  0.400000000   0.0   15  r03
  104  0.800000000  0.000000000  0.600000000   0.0   20  r03
  105  0.800000000  0.000000000  0.800000000   0.0   25  r03
  106  0.800000000  0.200000000  0.000000000   0.0   10  r02
  107  0.800000000  0.200000000  0.200000000   0.0   35  r03
  108  0.800000000  0.200000000  0.400000000   0.0   40  r03
  109  0.800000000  0.200000000  0.600000000   0.0   45  r03
  110  0.800000000  0.200000000  0.800000000   0.0   50  r03
  111  0.800000000  0.400000000  0.000000000   0.0   15  r02
  112  0.800000000  0.400000000  0.200000000   0.0   40  r02
  113  0.800000000  0.400000000  0.400000000   0.0   65  r03
  114  0.800000000  0.400000000  0.600000000   0.0   70  r03
  115  0.800000000  0.400000000  0.800000000   0.0   75  r03
  116  0.800000000  0.600000000  0.000000000   0.0   20  r02
  117  0.800000000  0.600000000  0.200000000   0.0   45  r02
  118  0.800000000  0.600000000  0.400000000   0.0   70  r02
  119  0.800000000  0.600000000  0.600000000   0.0   95  r03
  120  0.800000000  0.600000000  0.800000000   0.0  100  r03
  121  0.800000000  0.800000000  0.000000000   0.0   25  r02
  122  0.800000000  0.800000000  0.200000000   0.0   50  r02
  123  0.800000000  0.800000000  0.400000000   0.0   75  r02
  124  0.800000000  0.800000000  0.600000000   0.0  100  r02
  125  0.800000000  0.800000000  0.800000000   1.0    0  ---

k-points in the irreducible wedge
   35
    1  0.000000000  0.000000000  0.000000000   1.0    1
    2  0.000000000  0.000000000  0.200000000   3.0    2
    3  0.000000000  0.000000000  0.400000000   3.0    3
    4  0.000000000  0.000000000  0.600000000   3.0    4
    5  0.000000000  0.000000000  0.800000000   3.0    5
    6  0.000000000  0.200000000  0.200000000   3.0    7
    7  0.000000000  0.200000000  0.400000000   6.0    8
    8  0.000000000  0.200000000  0.600000000   6.0    9
    9  0.000000000  0.200000000  0.800000000   6.0   10
   10  0.000000000  0.400000000  0.400000000   3.0   13
   11  0.000000000  0.400000000  0.600000000   6.0   14
   12  0.000000000  0.400000000  0.800000000   6.0   15
   13  0.000000000  0.600000000  0.600000000   3.0   19
   14  0.000000000  0.600000000  0.800000000   6.0   20
   15  0.000000000  0.800000000  0.800000000   3.0   25
   16  0.200000000  0.200000000  0.200000000   1.0   32
   17  0.200000000  0.200000000  0.400000000   3.0   33
   18  0.200000000  0.200000000  0.600000000   3.0   34
   19  0.200000000  0.200000000  0.800000000   3.0   35
   20  0.200000000  0.400000000  0.400000000   3.0   38
   21  0.200000000  0.400000000  0.600000000   6.0   39
   22  0.200000000  0.400000000  0.800000000   6.0   40
   23  0.200000000  0.600000000  0.600000000   3.0   44
   24  0.200000000  0.600000000  0.800000000   6.0   45
   25  0.200000000  0.800000000  0.800000000   3.0   50
   26  0.400000000  0.400000000  0.400000000   1.0   63
   27  0.400000000  0.400000000  0.600000000   3.0   64
   28  0.400000000  0.400000000  0.800000000   3.0   65
   29  0.400000000  0.600000000  0.600000000   3.0   69
   30  0.400000000  0.600000000  0.800000000   6.0   70
   31  0.400000000  0.800000000  0.800000000   3.0   75
   32  0.600000000  0.600000000  0.600000000   1.0   94
   33  0.600000000  0.600000000  0.800000000   3.0   95
   34  0.600000000  0.800000000  0.800000000   3.0  100
   35  0.800000000  0.800000000  0.800000000   1.0  125

