K_POINTS crystal
   35
  0.000000000  0.000000000  0.000000000   1.0
  0.000000000  0.000000000  0.200000000   3.0
  0.000000000  0.000000000  0.400000000   3.0
  0.000000000  0.000000000  0.600000000   3.0
  0.000000000  0.000000000  0.800000000   3.0
  0.000000000  0.200000000  0.200000000   3.0
  0.000000000  0.200000000  0.400000000   6.0
  0.000000000  0.200000000  0.600000000   6.0
  0.000000000  0.200000000  0.800000000   6.0
  0.000000000  0.400000000  0.400000000   3.0
  0.000000000  0.400000000  0.600000000   6.0
  0.000000000  0.400000000  0.800000000   6.0
  0.000000000  0.600000000  0.600000000   3.0
  0.000000000  0.600000000  0.800000000   6.0
  0.000000000  0.800000000  0.800000000   3.0
  0.200000000  0.200000000  0.200000000   1.0
  0.200000000  0.200000000  0.400000000   3.0
  0.200000000  0.200000000  0.600000000   3.0
  0.200000000  0.200000000  0.800000000   3.0
  0.200000000  0.400000000  0.400000000   3.0
  0.200000000  0.400000000  0.600000000   6.0
  0.200000000  0.400000000  0.800000000   6.0
  0.200000000  0.600000000  0.600000000   3.0
  0.200000000  0.600000000  0.800000000   6.0
  0.200000000  0.800000000  0.800000000   3.0
  0.400000000  0.400000000  0.400000000   1.0
  0.400000000  0.400000000  0.600000000   3.0
  0.400000000  0.400000000  0.800000000   3.0
  0.400000000  0.600000000  0.600000000   3.0
  0.400000000  0.600000000  0.800000000   6.0
  0.400000000  0.800000000  0.800000000   3.0
  0.600000000  0.600000000  0.600000000   1.0
  0.600000000  0.600000000  0.800000000   3.0
  0.600000000  0.800000000  0.800000000   3.0
  0.800000000  0.800000000  0.800000000   1.0
