K_POINTS crystal
   75
  0.000000000  0.000000000  0.001000000   1.0
  0.000000000  0.000000000  0.201000000   1.0
  0.000000000  0.000000000  0.401000000   1.0
  0.000000000  0.000000000  0.601000000   1.0
  0.000000000  0.000000000  0.801000000   1.0
  0.000000000  0.200000000  0.001000000   2.0
  0.000000000  0.200000000  0.201000000   2.0
  0.000000000  0.200000000  0.401000000   2.0
  0.000000000  0.200000000  0.601000000   2.0
  0.000000000  0.200000000  0.801000000   2.0
  0.000000000  0.400000000  0.001000000   2.0
  0.000000000  0.400000000  0.201000000   2.0
  0.000000000  0.400000000  0.401000000   2.0
  0.000000000  0.400000000  0.601000000   2.0
  0.000000000  0.400000000  0.801000000   2.0
  0.000000000  0.600000000  0.001000000   2.0
  0.000000000  0.600000000  0.201000000   2.0
  0.000000000  0.600000000  0.401000000   2.0
  0.000000000  0.600000000  0.601000000   2.0
  0.000000000  0.600000000  0.801000000   2.0
  0.000000000  0.800000000  0.001000000   2.0
  0.000000000  0.800000000  0.201000000   2.0
  0.000000000  0.800000000  0.401000000   2.0
  0.000000000  0.800000000  0.601000000   2.0
  0.000000000  0.800000000  0.801000000   2.0
  0.200000000  0.200000000  0.001000000   1.0
  0.200000000  0.200000000  0.201000000   1.0
  0.200000000  0.200000000  0.401000000   1.0
  0.200000000  0.200000000  0.601000000   1.0
  0.200000000  0.200000000  0.801000000   1.0
  0.200000000  0.400000000  0.001000000   2.0
  0.200000000  0.400000000  0.201000000   2.0
  0.200000000  0.400000000  0.401000000   2.0
  0.200000000  0.400000000  0.601000000   2.0
  0.200000000  0.400000000  0.801000000   2.0
  0.200000000  0.600000000  0.001000000   2.0
  0.200000000  0.600000000  0.201000000   2.0
  0.200000000  0.600000000  0.401000000   2.0
  0.200000000  0.600000000  0.601000000   2.0
  0.200000000  0.600000000  0.801000000   2.0
  0.200000000  0.800000000  0.001000000   2.0
  0.200000000  0.800000000  0.201000000   2.0
  0.200000000  0.800000000  0.401000000   2.0
  0.200000000  0.800000000  0.601000000   2.0
  0.200000000  0.800000000  0.801000000   2.0
  0.400000000  0.400000000  0.001000000   1.0
  0.400000000  0.400000000  0.201000000   1.0
  0.400000000  0.400000000  0.401000000   1.0
  0.400000000  0.400000000  0.601000000   1.0
  0.400000000  0.400000000  0.801000000   1.0
  0.400000000  0.600000000  0.001000000   2.0
  0.400000000  0.600000000  0.201000000   2.0
  0.400000000  0.600000000  0.401000000   2.0
  0.400000000  0.600000000  0.601000000   2.0
  0.400000000  0.600000000  0.801000000   2.0
  0.400000000  0.800000000  0.001000000   2.0
  0.400000000  0.800000000  0.201000000   2.0
  0.400000000  0.800000000  0.401000000   2.0
  0.400000000  0.800000000  0.601000000   2.0
  0.400000000  0.800000000  0.801000000   2.0
  0.600000000  0.600000000  0.001000000   1.0
  0.600000000  0.600000000  0.201000000   1.0
  0.600000000  0.600000000  0.401000000   1.0
  0.600000000  0.600000000  0.601000000   1.0
  0.600000000  0.600000000  0.801000000   1.0
  0.600000000  0.800000000  0.001000000   2.0
  0.600000000  0.800000000  0.201000000   2.0
  0.600000000  0.800000000  0.401000000   2.0
  0.600000000  0.800000000  0.601000000   2.0
  0.600000000  0.800000000  0.801000000   2.0
  0.800000000  0.800000000  0.001000000   1.0
  0.800000000  0.800000000  0.201000000   1.0
  0.800000000  0.800000000  0.401000000   1.0
  0.800000000  0.800000000  0.601000000   1.0
  0.800000000  0.800000000  0.801000000   1.0
