k-points are in crystal coordinates
nk(3) =    18   18    1
dk(3) =   0.000000000  0.000000000  0.000000000
dq(3) =   0.001000000  0.000000000  0.000000000

direct lattice vectors
a1 =   0.500000000 -0.866025000  0.000000000
a2 =   0.500000000  0.866025000  0.000000000
a3 =   0.000000000  0.000000000  5.973702000

unit cell volume =  0.517337527E+01

reciprocal lattice vectors
b1 =   6.283185307 -3.627600420  0.000000000
b2 =   6.283185307  3.627600420  0.000000000
b3 =   0.000000000  0.000000000  1.051807624

symmetries of the Bravais lattice
 24
Space group 191, symbol P6/mmm               
r01 =     1   0   0     0   1   0     0   0   1      0.000000    0.000000    0.000000
r02 =     1   0   0     0   1   0     0   0  -1      0.000000    0.000000    0.000000
r03 =     1  -1   0     0  -1   0     0   0   1      0.000000    0.000000    0.000000
r04 =     1  -1   0     0  -1   0     0   0  -1      0.000000    0.000000    0.000000
r05 =     0   1   0     1   0   0     0   0   1      0.000000    0.000000    0.000000
r06 =     0   1   0     1   0   0     0   0  -1      0.000000    0.000000    0.000000
r07 =    -1   1   0    -1   0   0     0   0   1      0.000000    0.000000    0.000000
r08 =    -1   1   0    -1   0   0     0   0  -1      0.000000    0.000000    0.000000
r09 =    -1   0   0     0  -1   0     0   0   1      0.000000    0.000000    0.000000
r10 =    -1   0   0     0  -1   0     0   0  -1      0.000000    0.000000    0.000000
r11 =    -1   1   0     0   1   0     0   0   1      0.000000    0.000000    0.000000
r12 =    -1   1   0     0   1   0     0   0  -1      0.000000    0.000000    0.000000
r13 =     0  -1   0    -1   0   0     0   0   1      0.000000    0.000000    0.000000
r14 =     0  -1   0    -1   0   0     0   0  -1      0.000000    0.000000    0.000000
r15 =     1  -1   0     1   0   0     0   0   1      0.000000    0.000000    0.000000
r16 =     1  -1   0     1   0   0     0   0  -1      0.000000    0.000000    0.000000
r17 =     0   1   0    -1   1   0     0   0   1      0.000000    0.000000    0.000000
r18 =     0   1   0    -1   1   0     0   0  -1      0.000000    0.000000    0.000000
r19 =     1   0   0     1  -1   0     0   0   1      0.000000    0.000000    0.000000
r20 =     1   0   0     1  -1   0     0   0  -1      0.000000    0.000000    0.000000
r21 =     0  -1   0     1  -1   0     0   0   1      0.000000    0.000000    0.000000
r22 =     0  -1   0     1  -1   0     0   0  -1      0.000000    0.000000    0.000000
r23 =    -1   0   0    -1   1   0     0   0   1      0.000000    0.000000    0.000000
r24 =    -1   0   0    -1   1   0     0   0  -1      0.000000    0.000000    0.000000

symmetries of the crystal without FFT grid
 12
Space group 187, symbol P-6m2                
r01 =     1   0   0     0   1   0     0   0   1      0.000000    0.000000    0.000000
r02 =     1   0   0     0   1   0     0   0  -1      0.000000    0.000000    0.000000
r03 =    -1   1   0    -1   0   0     0   0   1      0.000000    0.000000    0.000000
r04 =    -1   1   0    -1   0   0     0   0  -1      0.000000    0.000000    0.000000
r05 =    -1   1   0     0   1   0     0   0   1      0.000000    0.000000    0.000000
r06 =    -1   1   0     0   1   0     0   0  -1      0.000000    0.000000    0.000000
r07 =     0  -1   0    -1   0   0     0   0   1      0.000000    0.000000    0.000000
r08 =     0  -1   0    -1   0   0     0   0  -1      0.000000    0.000000    0.000000
r09 =     1   0   0     1  -1   0     0   0   1      0.000000    0.000000    0.000000
r10 =     1   0   0     1  -1   0     0   0  -1      0.000000    0.000000    0.000000
r11 =     0  -1   0     1  -1   0     0   0   1      0.000000    0.000000    0.000000
r12 =     0  -1   0     1  -1   0     0   0  -1      0.000000    0.000000    0.000000

FFT grid:     27    27   162

symmetries of the crystal with FFT grid
 12
Space group 187, symbol P-6m2                
r01 =     1   0   0     0   1   0     0   0   1      0.000000    0.000000    0.000000
r02 =     1   0   0     0   1   0     0   0  -1      0.000000    0.000000    0.000000
r03 =    -1   1   0    -1   0   0     0   0   1      0.000000    0.000000    0.000000
r04 =    -1   1   0    -1   0   0     0   0  -1      0.000000    0.000000    0.000000
r05 =    -1   1   0     0   1   0     0   0   1      0.000000    0.000000    0.000000
r06 =    -1   1   0     0   1   0     0   0  -1      0.000000    0.000000    0.000000
r07 =     0  -1   0    -1   0   0     0   0   1      0.000000    0.000000    0.000000
r08 =     0  -1   0    -1   0   0     0   0  -1      0.000000    0.000000    0.000000
r09 =     1   0   0     1  -1   0     0   0   1      0.000000    0.000000    0.000000
r10 =     1   0   0     1  -1   0     0   0  -1      0.000000    0.000000    0.000000
r11 =     0  -1   0     1  -1   0     0   0   1      0.000000    0.000000    0.000000
r12 =     0  -1   0     1  -1   0     0   0  -1      0.000000    0.000000    0.000000

symmetries that reduce the k-points
r03 =    -1   1   0    -1   0   0     0   0   1
r05 =    -1   1   0     0   1   0     0   0   1
r07 =     0  -1   0    -1   0   0     0   0   1
r11 =     0  -1   0     1  -1   0     0   0   1

symmetries of a subgroup of the q-vector
r01 =     1   0   0     0   1   0     0   0   1
r02 =     1   0   0     0   1   0     0   0  -1
r09 =     1   0   0     1  -1   0     0   0   1
r10 =     1   0   0     1  -1   0     0   0  -1

k-points in the original uniform grid
    324
      1  0.000000000  0.000000000  0.000000000   1.0       0  ---
      2  0.000000000  0.055555556  0.000000000   3.0       0  ---
      3  0.000000000  0.111111111  0.000000000   3.0       0  ---
      4  0.000000000  0.166666667  0.000000000   3.0       0  ---
      5  0.000000000  0.222222222  0.000000000   3.0       0  ---
      6  0.000000000  0.277777778  0.000000000   3.0       0  ---
      7  0.000000000  0.333333333  0.000000000   3.0       0  ---
      8  0.000000000  0.388888889  0.000000000   3.0       0  ---
      9  0.000000000  0.444444444  0.000000000   3.0       0  ---
     10  0.000000000  0.500000000  0.000000000   3.0       0  ---
     11  0.000000000  0.555555556  0.000000000   3.0       0  ---
     12  0.000000000  0.611111111  0.000000000   3.0       0  ---
     13  0.000000000  0.666666667  0.000000000   3.0       0  ---
     14  0.000000000  0.722222222  0.000000000   3.0       0  ---
     15  0.000000000  0.777777778  0.000000000   3.0       0  ---
     16  0.000000000  0.833333333  0.000000000   3.0       0  ---
     17  0.000000000  0.888888889  0.000000000   3.0       0  ---
     18  0.000000000  0.944444444  0.000000000   3.0       0  ---
     19  0.055555556  0.000000000  0.000000000   0.0      18  r07
     20  0.055555556  0.055555556  0.000000000   6.0       0  ---
     21  0.055555556  0.111111111  0.000000000   6.0       0  ---
     22  0.055555556  0.166666667  0.000000000   6.0       0  ---
     23  0.055555556  0.222222222  0.000000000   6.0       0  ---
     24  0.055555556  0.277777778  0.000000000   6.0       0  ---
     25  0.055555556  0.333333333  0.000000000   6.0       0  ---
     26  0.055555556  0.388888889  0.000000000   6.0       0  ---
     27  0.055555556  0.444444444  0.000000000   6.0       0  ---
     28  0.055555556  0.500000000  0.000000000   6.0       0  ---
     29  0.055555556  0.555555556  0.000000000   6.0       0  ---
     30  0.055555556  0.611111111  0.000000000   6.0       0  ---
     31  0.055555556  0.666666667  0.000000000   6.0       0  ---
     32  0.055555556  0.722222222  0.000000000   6.0       0  ---
     33  0.055555556  0.777777778  0.000000000   6.0       0  ---
     34  0.055555556  0.833333333  0.000000000   6.0       0  ---
     35  0.055555556  0.888888889  0.000000000   0.0      20  r03
     36  0.055555556  0.944444444  0.000000000   0.0       2  r03
     37  0.111111111  0.000000000  0.000000000   0.0      17  r07
     38  0.111111111  0.055555556  0.000000000   0.0      34  r11
     39  0.111111111  0.111111111  0.000000000   6.0       0  ---
     40  0.111111111  0.166666667  0.000000000   6.0       0  ---
     41  0.111111111  0.222222222  0.000000000   6.0       0  ---
     42  0.111111111  0.277777778  0.000000000   6.0       0  ---
     43  0.111111111  0.333333333  0.000000000   6.0       0  ---
     44  0.111111111  0.388888889  0.000000000   6.0       0  ---
     45  0.111111111  0.444444444  0.000000000   6.0       0  ---
     46  0.111111111  0.500000000  0.000000000   6.0       0  ---
     47  0.111111111  0.555555556  0.000000000   6.0       0  ---
     48  0.111111111  0.611111111  0.000000000   6.0       0  ---
     49  0.111111111  0.666666667  0.000000000   6.0       0  ---
     50  0.111111111  0.722222222  0.000000000   6.0       0  ---
     51  0.111111111  0.777777778  0.000000000   0.0      39  r03
     52  0.111111111  0.833333333  0.000000000   0.0      21  r03
     53  0.111111111  0.888888889  0.000000000   0.0       3  r03
     54  0.111111111  0.944444444  0.000000000   0.0      20  r07
     55  0.166666667  0.000000000  0.000000000   0.0      16  r07
     56  0.166666667  0.055555556  0.000000000   0.0      33  r11
     57  0.166666667  0.111111111  0.000000000   0.0      50  r11
     58  0.166666667  0.166666667  0.000000000   6.0       0  ---
     59  0.166666667  0.222222222  0.000000000   6.0       0  ---
     60  0.166666667  0.277777778  0.000000000   6.0       0  ---
     61  0.166666667  0.333333333  0.000000000   6.0       0  ---
     62  0.166666667  0.388888889  0.000000000   6.0       0  ---
     63  0.166666667  0.444444444  0.000000000   6.0       0  ---
     64  0.166666667  0.500000000  0.000000000   6.0       0  ---
     65  0.166666667  0.555555556  0.000000000   6.0       0  ---
     66  0.166666667  0.611111111  0.000000000   6.0       0  ---
     67  0.166666667  0.666666667  0.000000000   0.0      58  r03
     68  0.166666667  0.722222222  0.000000000   0.0      40  r03
     69  0.166666667  0.777777778  0.000000000   0.0      22  r03
     70  0.166666667  0.833333333  0.000000000   0.0       4  r03
     71  0.166666667  0.888888889  0.000000000   0.0      21  r07
     72  0.166666667  0.944444444  0.000000000   0.0      34  r07
     73  0.222222222  0.000000000  0.000000000   0.0      15  r07
     74  0.222222222  0.055555556  0.000000000   0.0      32  r11
     75  0.222222222  0.111111111  0.000000000   0.0      49  r11
     76  0.222222222  0.166666667  0.000000000   0.0      66  r11
     77  0.222222222  0.222222222  0.000000000   6.0       0  ---
     78  0.222222222  0.277777778  0.000000000   6.0       0  ---
     79  0.222222222  0.333333333  0.000000000   6.0       0  ---
     80  0.222222222  0.388888889  0.000000000   6.0       0  ---
     81  0.222222222  0.444444444  0.000000000   6.0       0  ---
     82  0.222222222  0.500000000  0.000000000   6.0       0  ---
     83  0.222222222  0.555555556  0.000000000   0.0      77  r03
     84  0.222222222  0.611111111  0.000000000   0.0      59  r03
     85  0.222222222  0.666666667  0.000000000   0.0      41  r03
     86  0.222222222  0.722222222  0.000000000   0.0      23  r03
     87  0.222222222  0.777777778  0.000000000   0.0       5  r03
     88  0.222222222  0.833333333  0.000000000   0.0      22  r07
     89  0.222222222  0.888888889  0.000000000   0.0      39  r07
     90  0.222222222  0.944444444  0.000000000   0.0      33  r07
     91  0.277777778  0.000000000  0.000000000   0.0      14  r07
     92  0.277777778  0.055555556  0.000000000   0.0      31  r11
     93  0.277777778  0.111111111  0.000000000   0.0      48  r11
     94  0.277777778  0.166666667  0.000000000   0.0      65  r11
     95  0.277777778  0.222222222  0.000000000   0.0      82  r11
     96  0.277777778  0.277777778  0.000000000   6.0       0  ---
     97  0.277777778  0.333333333  0.000000000   6.0       0  ---
     98  0.277777778  0.388888889  0.000000000   6.0       0  ---
     99  0.277777778  0.444444444  0.000000000   0.0      96  r03
    100  0.277777778  0.500000000  0.000000000   0.0      78  r03
    101  0.277777778  0.555555556  0.000000000   0.0      60  r03
    102  0.277777778  0.611111111  0.000000000   0.0      42  r03
    103  0.277777778  0.666666667  0.000000000   0.0      24  r03
    104  0.277777778  0.722222222  0.000000000   0.0       6  r03
    105  0.277777778  0.777777778  0.000000000   0.0      23  r07
    106  0.277777778  0.833333333  0.000000000   0.0      40  r07
    107  0.277777778  0.888888889  0.000000000   0.0      50  r07
    108  0.277777778  0.944444444  0.000000000   0.0      32  r07
    109  0.333333333  0.000000000  0.000000000   0.0      13  r07
    110  0.333333333  0.055555556  0.000000000   0.0      30  r11
    111  0.333333333  0.111111111  0.000000000   0.0      47  r11
    112  0.333333333  0.166666667  0.000000000   0.0      64  r11
    113  0.333333333  0.222222222  0.000000000   0.0      81  r11
    114  0.333333333  0.277777778  0.000000000   0.0      98  r11
    115  0.333333333  0.333333333  0.000000000   2.0       0  ---
    116  0.333333333  0.388888889  0.000000000   0.0      97  r03
    117  0.333333333  0.444444444  0.000000000   0.0      79  r03
    118  0.333333333  0.500000000  0.000000000   0.0      61  r03
    119  0.333333333  0.555555556  0.000000000   0.0      43  r03
    120  0.333333333  0.611111111  0.000000000   0.0      25  r03
    121  0.333333333  0.666666667  0.000000000   0.0       7  r03
    122  0.333333333  0.722222222  0.000000000   0.0      24  r07
    123  0.333333333  0.777777778  0.000000000   0.0      41  r07
    124  0.333333333  0.833333333  0.000000000   0.0      58  r07
    125  0.333333333  0.888888889  0.000000000   0.0      49  r07
    126  0.333333333  0.944444444  0.000000000   0.0      31  r07
    127  0.388888889  0.000000000  0.000000000   0.0      12  r07
    128  0.388888889  0.055555556  0.000000000   0.0      29  r11
    129  0.388888889  0.111111111  0.000000000   0.0      46  r11
    130  0.388888889  0.166666667  0.000000000   0.0      63  r11
    131  0.388888889  0.222222222  0.000000000   0.0      80  r11
    132  0.388888889  0.277777778  0.000000000   0.0      97  r03
    133  0.388888889  0.333333333  0.000000000   0.0      98  r03
    134  0.388888889  0.388888889  0.000000000   0.0      80  r03
    135  0.388888889  0.444444444  0.000000000   0.0      62  r03
    136  0.388888889  0.500000000  0.000000000   0.0      44  r03
    137  0.388888889  0.555555556  0.000000000   0.0      26  r03
    138  0.388888889  0.611111111  0.000000000   0.0       8  r03
    139  0.388888889  0.666666667  0.000000000   0.0      25  r07
    140  0.388888889  0.722222222  0.000000000   0.0      42  r07
    141  0.388888889  0.777777778  0.000000000   0.0      59  r07
    142  0.388888889  0.833333333  0.000000000   0.0      66  r07
    143  0.388888889  0.888888889  0.000000000   0.0      48  r07
    144  0.388888889  0.944444444  0.000000000   0.0      30  r07
    145  0.444444444  0.000000000  0.000000000   0.0      11  r07
    146  0.444444444  0.055555556  0.000000000   0.0      28  r11
    147  0.444444444  0.111111111  0.000000000   0.0      45  r11
    148  0.444444444  0.166666667  0.000000000   0.0      62  r03
    149  0.444444444  0.222222222  0.000000000   0.0      79  r03
    150  0.444444444  0.277777778  0.000000000   0.0      96  r03
    151  0.444444444  0.333333333  0.000000000   0.0      81  r03
    152  0.444444444  0.388888889  0.000000000   0.0      63  r03
    153  0.444444444  0.444444444  0.000000000   0.0      45  r03
    154  0.444444444  0.500000000  0.000000000   0.0      27  r03
    155  0.444444444  0.555555556  0.000000000   0.0       9  r03
    156  0.444444444  0.611111111  0.000000000   0.0      26  r07
    157  0.444444444  0.666666667  0.000000000   0.0      43  r07
    158  0.444444444  0.722222222  0.000000000   0.0      60  r07
    159  0.444444444  0.777777778  0.000000000   0.0      77  r07
    160  0.444444444  0.833333333  0.000000000   0.0      65  r07
    161  0.444444444  0.888888889  0.000000000   0.0      47  r07
    162  0.444444444  0.944444444  0.000000000   0.0      29  r07
    163  0.500000000  0.000000000  0.000000000   0.0      10  r07
    164  0.500000000  0.055555556  0.000000000   0.0      27  r03
    165  0.500000000  0.111111111  0.000000000   0.0      44  r03
    166  0.500000000  0.166666667  0.000000000   0.0      61  r03
    167  0.500000000  0.222222222  0.000000000   0.0      78  r03
    168  0.500000000  0.277777778  0.000000000   0.0      82  r03
    169  0.500000000  0.333333333  0.000000000   0.0      64  r03
    170  0.500000000  0.388888889  0.000000000   0.0      46  r03
    171  0.500000000  0.444444444  0.000000000   0.0      28  r03
    172  0.500000000  0.500000000  0.000000000   0.0      10  r03
    173  0.500000000  0.555555556  0.000000000   0.0      27  r05
    174  0.500000000  0.611111111  0.000000000   0.0      44  r05
    175  0.500000000  0.666666667  0.000000000   0.0      61  r05
    176  0.500000000  0.722222222  0.000000000   0.0      78  r05
    177  0.500000000  0.777777778  0.000000000   0.0      82  r05
    178  0.500000000  0.833333333  0.000000000   0.0      64  r05
    179  0.500000000  0.888888889  0.000000000   0.0      46  r05
    180  0.500000000  0.944444444  0.000000000   0.0      28  r05
    181  0.555555556  0.000000000  0.000000000   0.0       9  r03
    182  0.555555556  0.055555556  0.000000000   0.0      26  r03
    183  0.555555556  0.111111111  0.000000000   0.0      43  r03
    184  0.555555556  0.166666667  0.000000000   0.0      60  r03
    185  0.555555556  0.222222222  0.000000000   0.0      77  r03
    186  0.555555556  0.277777778  0.000000000   0.0      65  r03
    187  0.555555556  0.333333333  0.000000000   0.0      47  r03
    188  0.555555556  0.388888889  0.000000000   0.0      29  r03
    189  0.555555556  0.444444444  0.000000000   0.0      11  r03
    190  0.555555556  0.500000000  0.000000000   0.0      28  r05
    191  0.555555556  0.555555556  0.000000000   0.0      45  r05
    192  0.555555556  0.611111111  0.000000000   0.0      62  r05
    193  0.555555556  0.666666667  0.000000000   0.0      79  r05
    194  0.555555556  0.722222222  0.000000000   0.0      96  r05
    195  0.555555556  0.777777778  0.000000000   0.0      81  r05
    196  0.555555556  0.833333333  0.000000000   0.0      63  r05
    197  0.555555556  0.888888889  0.000000000   0.0      45  r03
    198  0.555555556  0.944444444  0.000000000   0.0      27  r03
    199  0.611111111  0.000000000  0.000000000   0.0       8  r03
    200  0.611111111  0.055555556  0.000000000   0.0      25  r03
    201  0.611111111  0.111111111  0.000000000   0.0      42  r03
    202  0.611111111  0.166666667  0.000000000   0.0      59  r03
    203  0.611111111  0.222222222  0.000000000   0.0      66  r03
    204  0.611111111  0.277777778  0.000000000   0.0      48  r03
    205  0.611111111  0.333333333  0.000000000   0.0      30  r03
    206  0.611111111  0.388888889  0.000000000   0.0      12  r03
    207  0.611111111  0.444444444  0.000000000   0.0      29  r05
    208  0.611111111  0.500000000  0.000000000   0.0      46  r05
    209  0.611111111  0.555555556  0.000000000   0.0      63  r05
    210  0.611111111  0.611111111  0.000000000   0.0      80  r05
    211  0.611111111  0.666666667  0.000000000   0.0      97  r05
    212  0.611111111  0.722222222  0.000000000   0.0      98  r05
    213  0.611111111  0.777777778  0.000000000   0.0      80  r03
    214  0.611111111  0.833333333  0.000000000   0.0      62  r03
    215  0.611111111  0.888888889  0.000000000   0.0      44  r03
    216  0.611111111  0.944444444  0.000000000   0.0      26  r03
    217  0.666666667  0.000000000  0.000000000   0.0       7  r03
    218  0.666666667  0.055555556  0.000000000   0.0      24  r03
    219  0.666666667  0.111111111  0.000000000   0.0      41  r03
    220  0.666666667  0.166666667  0.000000000   0.0      58  r03
    221  0.666666667  0.222222222  0.000000000   0.0      49  r03
    222  0.666666667  0.277777778  0.000000000   0.0      31  r03
    223  0.666666667  0.333333333  0.000000000   0.0      13  r03
    224  0.666666667  0.388888889  0.000000000   0.0      30  r05
    225  0.666666667  0.444444444  0.000000000   0.0      47  r05
    226  0.666666667  0.500000000  0.000000000   0.0      64  r05
    227  0.666666667  0.555555556  0.000000000   0.0      81  r05
    228  0.666666667  0.611111111  0.000000000   0.0      98  r05
    229  0.666666667  0.666666667  0.000000000   0.0     115  r05
    230  0.666666667  0.722222222  0.000000000   0.0      97  r03
    231  0.666666667  0.777777778  0.000000000   0.0      79  r03
    232  0.666666667  0.833333333  0.000000000   0.0      61  r03
    233  0.666666667  0.888888889  0.000000000   0.0      43  r03
    234  0.666666667  0.944444444  0.000000000   0.0      25  r03
    235  0.722222222  0.000000000  0.000000000   0.0       6  r03
    236  0.722222222  0.055555556  0.000000000   0.0      23  r03
    237  0.722222222  0.111111111  0.000000000   0.0      40  r03
    238  0.722222222  0.166666667  0.000000000   0.0      50  r03
    239  0.722222222  0.222222222  0.000000000   0.0      32  r03
    240  0.722222222  0.277777778  0.000000000   0.0      14  r03
    241  0.722222222  0.333333333  0.000000000   0.0      31  r05
    242  0.722222222  0.388888889  0.000000000   0.0      48  r05
    243  0.722222222  0.444444444  0.000000000   0.0      65  r05
    244  0.722222222  0.500000000  0.000000000   0.0      82  r05
    245  0.722222222  0.555555556  0.000000000   0.0      96  r05
    246  0.722222222  0.611111111  0.000000000   0.0      97  r03
    247  0.722222222  0.666666667  0.000000000   0.0      98  r03
    248  0.722222222  0.722222222  0.000000000   0.0      96  r03
    249  0.722222222  0.777777778  0.000000000   0.0      78  r03
    250  0.722222222  0.833333333  0.000000000   0.0      60  r03
    251  0.722222222  0.888888889  0.000000000   0.0      42  r03
    252  0.722222222  0.944444444  0.000000000   0.0      24  r03
    253  0.777777778  0.000000000  0.000000000   0.0       5  r03
    254  0.777777778  0.055555556  0.000000000   0.0      22  r03
    255  0.777777778  0.111111111  0.000000000   0.0      39  r03
    256  0.777777778  0.166666667  0.000000000   0.0      33  r03
    257  0.777777778  0.222222222  0.000000000   0.0      15  r03
    258  0.777777778  0.277777778  0.000000000   0.0      32  r05
    259  0.777777778  0.333333333  0.000000000   0.0      49  r05
    260  0.777777778  0.388888889  0.000000000   0.0      66  r05
    261  0.777777778  0.444444444  0.000000000   0.0      77  r05
    262  0.777777778  0.500000000  0.000000000   0.0      78  r03
    263  0.777777778  0.555555556  0.000000000   0.0      79  r03
    264  0.777777778  0.611111111  0.000000000   0.0      80  r03
    265  0.777777778  0.666666667  0.000000000   0.0      81  r03
    266  0.777777778  0.722222222  0.000000000   0.0      82  r03
    267  0.777777778  0.777777778  0.000000000   0.0      77  r03
    268  0.777777778  0.833333333  0.000000000   0.0      59  r03
    269  0.777777778  0.888888889  0.000000000   0.0      41  r03
    270  0.777777778  0.944444444  0.000000000   0.0      23  r03
    271  0.833333333  0.000000000  0.000000000   0.0       4  r03
    272  0.833333333  0.055555556  0.000000000   0.0      21  r03
    273  0.833333333  0.111111111  0.000000000   0.0      34  r03
    274  0.833333333  0.166666667  0.000000000   0.0      16  r03
    275  0.833333333  0.222222222  0.000000000   0.0      33  r05
    276  0.833333333  0.277777778  0.000000000   0.0      50  r05
    277  0.833333333  0.333333333  0.000000000   0.0      58  r05
    278  0.833333333  0.388888889  0.000000000   0.0      59  r03
    279  0.833333333  0.444444444  0.000000000   0.0      60  r03
    280  0.833333333  0.500000000  0.000000000   0.0      61  r03
    281  0.833333333  0.555555556  0.000000000   0.0      62  r03
    282  0.833333333  0.611111111  0.000000000   0.0      63  r03
    283  0.833333333  0.666666667  0.000000000   0.0      64  r03
    284  0.833333333  0.722222222  0.000000000   0.0      65  r03
    285  0.833333333  0.777777778  0.000000000   0.0      66  r03
    286  0.833333333  0.833333333  0.000000000   0.0      58  r03
    287  0.833333333  0.888888889  0.000000000   0.0      40  r03
    288  0.833333333  0.944444444  0.000000000   0.0      22  r03
    289  0.888888889  0.000000000  0.000000000   0.0       3  r03
    290  0.888888889  0.055555556  0.000000000   0.0      20  r03
    291  0.888888889  0.111111111  0.000000000   0.0      17  r03
    292  0.888888889  0.166666667  0.000000000   0.0      34  r05
    293  0.888888889  0.222222222  0.000000000   0.0      39  r05
    294  0.888888889  0.277777778  0.000000000   0.0      40  r03
    295  0.888888889  0.333333333  0.000000000   0.0      41  r03
    296  0.888888889  0.388888889  0.000000000   0.0      42  r03
    297  0.888888889  0.444444444  0.000000000   0.0      43  r03
    298  0.888888889  0.500000000  0.000000000   0.0      44  r03
    299  0.888888889  0.555555556  0.000000000   0.0      45  r03
    300  0.888888889  0.611111111  0.000000000   0.0      46  r03
    301  0.888888889  0.666666667  0.000000000   0.0      47  r03
    302  0.888888889  0.722222222  0.000000000   0.0      48  r03
    303  0.888888889  0.777777778  0.000000000   0.0      49  r03
    304  0.888888889  0.833333333  0.000000000   0.0      50  r03
    305  0.888888889  0.888888889  0.000000000   0.0      39  r03
    306  0.888888889  0.944444444  0.000000000   0.0      21  r03
    307  0.944444444  0.000000000  0.000000000   0.0       2  r03
    308  0.944444444  0.055555556  0.000000000   0.0      18  r03
    309  0.944444444  0.111111111  0.000000000   0.0      20  r05
    310  0.944444444  0.166666667  0.000000000   0.0      21  r03
    311  0.944444444  0.222222222  0.000000000   0.0      22  r03
    312  0.944444444  0.277777778  0.000000000   0.0      23  r03
    313  0.944444444  0.333333333  0.000000000   0.0      24  r03
    314  0.944444444  0.388888889  0.000000000   0.0      25  r03
    315  0.944444444  0.444444444  0.000000000   0.0      26  r03
    316  0.944444444  0.500000000  0.000000000   0.0      27  r03
    317  0.944444444  0.555555556  0.000000000   0.0      28  r03
    318  0.944444444  0.611111111  0.000000000   0.0      29  r03
    319  0.944444444  0.666666667  0.000000000   0.0      30  r03
    320  0.944444444  0.722222222  0.000000000   0.0      31  r03
    321  0.944444444  0.777777778  0.000000000   0.0      32  r03
    322  0.944444444  0.833333333  0.000000000   0.0      33  r03
    323  0.944444444  0.888888889  0.000000000   0.0      34  r03
    324  0.944444444  0.944444444  0.000000000   0.0      20  r03

k-points in the irreducible wedge
     64
      1  0.000000000  0.000000000  0.000000000   1.0       1
      2  0.000000000  0.055555556  0.000000000   3.0       2
      3  0.000000000  0.111111111  0.000000000   3.0       3
      4  0.000000000  0.166666667  0.000000000   3.0       4
      5  0.000000000  0.222222222  0.000000000   3.0       5
      6  0.000000000  0.277777778  0.000000000   3.0       6
      7  0.000000000  0.333333333  0.000000000   3.0       7
      8  0.000000000  0.388888889  0.000000000   3.0       8
      9  0.000000000  0.444444444  0.000000000   3.0       9
     10  0.000000000  0.500000000  0.000000000   3.0      10
     11  0.000000000  0.555555556  0.000000000   3.0      11
     12  0.000000000  0.611111111  0.000000000   3.0      12
     13  0.000000000  0.666666667  0.000000000   3.0      13
     14  0.000000000  0.722222222  0.000000000   3.0      14
     15  0.000000000  0.777777778  0.000000000   3.0      15
     16  0.000000000  0.833333333  0.000000000   3.0      16
     17  0.000000000  0.888888889  0.000000000   3.0      17
     18  0.000000000  0.944444444  0.000000000   3.0      18
     19  0.055555556  0.055555556  0.000000000   6.0      20
     20  0.055555556  0.111111111  0.000000000   6.0      21
     21  0.055555556  0.166666667  0.000000000   6.0      22
     22  0.055555556  0.222222222  0.000000000   6.0      23
     23  0.055555556  0.277777778  0.000000000   6.0      24
     24  0.055555556  0.333333333  0.000000000   6.0      25
     25  0.055555556  0.388888889  0.000000000   6.0      26
     26  0.055555556  0.444444444  0.000000000   6.0      27
     27  0.055555556  0.500000000  0.000000000   6.0      28
     28  0.055555556  0.555555556  0.000000000   6.0      29
     29  0.055555556  0.611111111  0.000000000   6.0      30
     30  0.055555556  0.666666667  0.000000000   6.0      31
     31  0.055555556  0.722222222  0.000000000   6.0      32
     32  0.055555556  0.777777778  0.000000000   6.0      33
     33  0.055555556  0.833333333  0.000000000   6.0      34
     34  0.111111111  0.111111111  0.000000000   6.0      39
     35  0.111111111  0.166666667  0.000000000   6.0      40
     36  0.111111111  0.222222222  0.000000000   6.0      41
     37  0.111111111  0.277777778  0.000000000   6.0      42
     38  0.111111111  0.333333333  0.000000000   6.0      43
     39  0.111111111  0.388888889  0.000000000   6.0      44
     40  0.111111111  0.444444444  0.000000000   6.0      45
     41  0.111111111  0.500000000  0.000000000   6.0      46
     42  0.111111111  0.555555556  0.000000000   6.0      47
     43  0.111111111  0.611111111  0.000000000   6.0      48
     44  0.111111111  0.666666667  0.000000000   6.0      49
     45  0.111111111  0.722222222  0.000000000   6.0      50
     46  0.166666667  0.166666667  0.000000000   6.0      58
     47  0.166666667  0.222222222  0.000000000   6.0      59
     48  0.166666667  0.277777778  0.000000000   6.0      60
     49  0.166666667  0.333333333  0.000000000   6.0      61
     50  0.166666667  0.388888889  0.000000000   6.0      62
     51  0.166666667  0.444444444  0.000000000   6.0      63
     52  0.166666667  0.500000000  0.000000000   6.0      64
     53  0.166666667  0.555555556  0.000000000   6.0      65
     54  0.166666667  0.611111111  0.000000000   6.0      66
     55  0.222222222  0.222222222  0.000000000   6.0      77
     56  0.222222222  0.277777778  0.000000000   6.0      78
     57  0.222222222  0.333333333  0.000000000   6.0      79
     58  0.222222222  0.388888889  0.000000000   6.0      80
     59  0.222222222  0.444444444  0.000000000   6.0      81
     60  0.222222222  0.500000000  0.000000000   6.0      82
     61  0.277777778  0.277777778  0.000000000   6.0      96
     62  0.277777778  0.333333333  0.000000000   6.0      97
     63  0.277777778  0.388888889  0.000000000   6.0      98
     64  0.333333333  0.333333333  0.000000000   2.0     115

k-points in the unfolded Brillouin Zone
    324
      1  0.001000000  0.000000000  0.000000000   1.0
      2  0.001000000  0.055555556  0.000000000   1.0
      3  0.001000000  0.111111111  0.000000000   1.0
      4  0.001000000  0.166666667  0.000000000   1.0
      5  0.001000000  0.222222222  0.000000000   1.0
      6  0.001000000  0.277777778  0.000000000   1.0
      7  0.001000000  0.333333333  0.000000000   1.0
      8  0.001000000  0.388888889  0.000000000   1.0
      9  0.001000000  0.444444444  0.000000000   1.0
     10  0.001000000  0.500000000  0.000000000   1.0
     11  0.001000000  0.555555556  0.000000000   1.0
     12  0.001000000  0.611111111  0.000000000   1.0
     13  0.001000000  0.666666667  0.000000000   1.0
     14  0.001000000  0.722222222  0.000000000   1.0
     15  0.001000000  0.777777778  0.000000000   1.0
     16  0.001000000  0.833333333  0.000000000   1.0
     17  0.001000000  0.888888889  0.000000000   1.0
     18  0.001000000  0.944444444  0.000000000   1.0
     19  0.056555556  0.000000000  0.000000000   1.0
     20  0.056555556  0.055555556  0.000000000   1.0
     21  0.056555556  0.111111111  0.000000000   1.0
     22  0.056555556  0.166666667  0.000000000   1.0
     23  0.056555556  0.222222222  0.000000000   1.0
     24  0.056555556  0.277777778  0.000000000   1.0
     25  0.056555556  0.333333333  0.000000000   1.0
     26  0.056555556  0.388888889  0.000000000   1.0
     27  0.056555556  0.444444444  0.000000000   1.0
     28  0.056555556  0.500000000  0.000000000   1.0
     29  0.056555556  0.555555556  0.000000000   1.0
     30  0.056555556  0.611111111  0.000000000   1.0
     31  0.056555556  0.666666667  0.000000000   1.0
     32  0.056555556  0.722222222  0.000000000   1.0
     33  0.056555556  0.777777778  0.000000000   1.0
     34  0.056555556  0.833333333  0.000000000   1.0
     35  0.056555556  0.888888889  0.000000000   1.0
     36  0.056555556  0.944444444  0.000000000   1.0
     37  0.112111111  0.000000000  0.000000000   1.0
     38  0.112111111  0.055555556  0.000000000   1.0
     39  0.112111111  0.111111111  0.000000000   1.0
     40  0.112111111  0.166666667  0.000000000   1.0
     41  0.112111111  0.222222222  0.000000000   1.0
     42  0.112111111  0.277777778  0.000000000   1.0
     43  0.112111111  0.333333333  0.000000000   1.0
     44  0.112111111  0.388888889  0.000000000   1.0
     45  0.112111111  0.444444444  0.000000000   1.0
     46  0.112111111  0.500000000  0.000000000   1.0
     47  0.112111111  0.555555556  0.000000000   1.0
     48  0.112111111  0.611111111  0.000000000   1.0
     49  0.112111111  0.666666667  0.000000000   1.0
     50  0.112111111  0.722222222  0.000000000   1.0
     51  0.112111111  0.777777778  0.000000000   1.0
     52  0.112111111  0.833333333  0.000000000   1.0
     53  0.112111111  0.888888889  0.000000000   1.0
     54  0.112111111  0.944444444  0.000000000   1.0
     55  0.167666667  0.000000000  0.000000000   1.0
     56  0.167666667  0.055555556  0.000000000   1.0
     57  0.167666667  0.111111111  0.000000000   1.0
     58  0.167666667  0.166666667  0.000000000   1.0
     59  0.167666667  0.222222222  0.000000000   1.0
     60  0.167666667  0.277777778  0.000000000   1.0
     61  0.167666667  0.333333333  0.000000000   1.0
     62  0.167666667  0.388888889  0.000000000   1.0
     63  0.167666667  0.444444444  0.000000000   1.0
     64  0.167666667  0.500000000  0.000000000   1.0
     65  0.167666667  0.555555556  0.000000000   1.0
     66  0.167666667  0.611111111  0.000000000   1.0
     67  0.167666667  0.666666667  0.000000000   1.0
     68  0.167666667  0.722222222  0.000000000   1.0
     69  0.167666667  0.777777778  0.000000000   1.0
     70  0.167666667  0.833333333  0.000000000   1.0
     71  0.167666667  0.888888889  0.000000000   1.0
     72  0.167666667  0.944444444  0.000000000   1.0
     73  0.223222222  0.000000000  0.000000000   1.0
     74  0.223222222  0.055555556  0.000000000   1.0
     75  0.223222222  0.111111111  0.000000000   1.0
     76  0.223222222  0.166666667  0.000000000   1.0
     77  0.223222222  0.222222222  0.000000000   1.0
     78  0.223222222  0.277777778  0.000000000   1.0
     79  0.223222222  0.333333333  0.000000000   1.0
     80  0.223222222  0.388888889  0.000000000   1.0
     81  0.223222222  0.444444444  0.000000000   1.0
     82  0.223222222  0.500000000  0.000000000   1.0
     83  0.223222222  0.555555556  0.000000000   1.0
     84  0.223222222  0.611111111  0.000000000   1.0
     85  0.223222222  0.666666667  0.000000000   1.0
     86  0.223222222  0.722222222  0.000000000   1.0
     87  0.223222222  0.777777778  0.000000000   1.0
     88  0.223222222  0.833333333  0.000000000   1.0
     89  0.223222222  0.888888889  0.000000000   1.0
     90  0.223222222  0.944444444  0.000000000   1.0
     91  0.278777778  0.000000000  0.000000000   1.0
     92  0.278777778  0.055555556  0.000000000   1.0
     93  0.278777778  0.111111111  0.000000000   1.0
     94  0.278777778  0.166666667  0.000000000   1.0
     95  0.278777778  0.222222222  0.000000000   1.0
     96  0.278777778  0.277777778  0.000000000   1.0
     97  0.278777778  0.333333333  0.000000000   1.0
     98  0.278777778  0.388888889  0.000000000   1.0
     99  0.278777778  0.444444444  0.000000000   1.0
    100  0.278777778  0.500000000  0.000000000   1.0
    101  0.278777778  0.555555556  0.000000000   1.0
    102  0.278777778  0.611111111  0.000000000   1.0
    103  0.278777778  0.666666667  0.000000000   1.0
    104  0.278777778  0.722222222  0.000000000   1.0
    105  0.278777778  0.777777778  0.000000000   1.0
    106  0.278777778  0.833333333  0.000000000   1.0
    107  0.278777778  0.888888889  0.000000000   1.0
    108  0.278777778  0.944444444  0.000000000   1.0
    109  0.334333333  0.000000000  0.000000000   1.0
    110  0.334333333  0.055555556  0.000000000   1.0
    111  0.334333333  0.111111111  0.000000000   1.0
    112  0.334333333  0.166666667  0.000000000   1.0
    113  0.334333333  0.222222222  0.000000000   1.0
    114  0.334333333  0.277777778  0.000000000   1.0
    115  0.334333333  0.333333333  0.000000000   1.0
    116  0.334333333  0.388888889  0.000000000   1.0
    117  0.334333333  0.444444444  0.000000000   1.0
    118  0.334333333  0.500000000  0.000000000   1.0
    119  0.334333333  0.555555556  0.000000000   1.0
    120  0.334333333  0.611111111  0.000000000   1.0
    121  0.334333333  0.666666667  0.000000000   1.0
    122  0.334333333  0.722222222  0.000000000   1.0
    123  0.334333333  0.777777778  0.000000000   1.0
    124  0.334333333  0.833333333  0.000000000   1.0
    125  0.334333333  0.888888889  0.000000000   1.0
    126  0.334333333  0.944444444  0.000000000   1.0
    127  0.389888889  0.000000000  0.000000000   1.0
    128  0.389888889  0.055555556  0.000000000   1.0
    129  0.389888889  0.111111111  0.000000000   1.0
    130  0.389888889  0.166666667  0.000000000   1.0
    131  0.389888889  0.222222222  0.000000000   1.0
    132  0.389888889  0.277777778  0.000000000   1.0
    133  0.389888889  0.333333333  0.000000000   1.0
    134  0.389888889  0.388888889  0.000000000   1.0
    135  0.389888889  0.444444444  0.000000000   1.0
    136  0.389888889  0.500000000  0.000000000   1.0
    137  0.389888889  0.555555556  0.000000000   1.0
    138  0.389888889  0.611111111  0.000000000   1.0
    139  0.389888889  0.666666667  0.000000000   1.0
    140  0.389888889  0.722222222  0.000000000   1.0
    141  0.389888889  0.777777778  0.000000000   1.0
    142  0.389888889  0.833333333  0.000000000   1.0
    143  0.389888889  0.888888889  0.000000000   1.0
    144  0.389888889  0.944444444  0.000000000   1.0
    145  0.445444444  0.000000000  0.000000000   1.0
    146  0.445444444  0.055555556  0.000000000   1.0
    147  0.445444444  0.111111111  0.000000000   1.0
    148  0.445444444  0.166666667  0.000000000   1.0
    149  0.445444444  0.222222222  0.000000000   1.0
    150  0.445444444  0.277777778  0.000000000   1.0
    151  0.445444444  0.333333333  0.000000000   1.0
    152  0.445444444  0.388888889  0.000000000   1.0
    153  0.445444444  0.444444444  0.000000000   1.0
    154  0.445444444  0.500000000  0.000000000   1.0
    155  0.445444444  0.555555556  0.000000000   1.0
    156  0.445444444  0.611111111  0.000000000   1.0
    157  0.445444444  0.666666667  0.000000000   1.0
    158  0.445444444  0.722222222  0.000000000   1.0
    159  0.445444444  0.777777778  0.000000000   1.0
    160  0.445444444  0.833333333  0.000000000   1.0
    161  0.445444444  0.888888889  0.000000000   1.0
    162  0.445444444  0.944444444  0.000000000   1.0
    163  0.501000000  0.000000000  0.000000000   1.0
    164  0.501000000  0.055555556  0.000000000   1.0
    165  0.501000000  0.111111111  0.000000000   1.0
    166  0.501000000  0.166666667  0.000000000   1.0
    167  0.501000000  0.222222222  0.000000000   1.0
    168  0.501000000  0.277777778  0.000000000   1.0
    169  0.501000000  0.333333333  0.000000000   1.0
    170  0.501000000  0.388888889  0.000000000   1.0
    171  0.501000000  0.444444444  0.000000000   1.0
    172  0.501000000  0.500000000  0.000000000   1.0
    173  0.501000000  0.555555556  0.000000000   1.0
    174  0.501000000  0.611111111  0.000000000   1.0
    175  0.501000000  0.666666667  0.000000000   1.0
    176  0.501000000  0.722222222  0.000000000   1.0
    177  0.501000000  0.777777778  0.000000000   1.0
    178  0.501000000  0.833333333  0.000000000   1.0
    179  0.501000000  0.888888889  0.000000000   1.0
    180  0.501000000  0.944444444  0.000000000   1.0
    181  0.556555556  0.000000000  0.000000000   1.0
    182  0.556555556  0.055555556  0.000000000   1.0
    183  0.556555556  0.111111111  0.000000000   1.0
    184  0.556555556  0.166666667  0.000000000   1.0
    185  0.556555556  0.222222222  0.000000000   1.0
    186  0.556555556  0.277777778  0.000000000   1.0
    187  0.556555556  0.333333333  0.000000000   1.0
    188  0.556555556  0.388888889  0.000000000   1.0
    189  0.556555556  0.444444444  0.000000000   1.0
    190  0.556555556  0.500000000  0.000000000   1.0
    191  0.556555556  0.555555556  0.000000000   1.0
    192  0.556555556  0.611111111  0.000000000   1.0
    193  0.556555556  0.666666667  0.000000000   1.0
    194  0.556555556  0.722222222  0.000000000   1.0
    195  0.556555556  0.777777778  0.000000000   1.0
    196  0.556555556  0.833333333  0.000000000   1.0
    197  0.556555556  0.888888889  0.000000000   1.0
    198  0.556555556  0.944444444  0.000000000   1.0
    199  0.612111111  0.000000000  0.000000000   1.0
    200  0.612111111  0.055555556  0.000000000   1.0
    201  0.612111111  0.111111111  0.000000000   1.0
    202  0.612111111  0.166666667  0.000000000   1.0
    203  0.612111111  0.222222222  0.000000000   1.0
    204  0.612111111  0.277777778  0.000000000   1.0
    205  0.612111111  0.333333333  0.000000000   1.0
    206  0.612111111  0.388888889  0.000000000   1.0
    207  0.612111111  0.444444444  0.000000000   1.0
    208  0.612111111  0.500000000  0.000000000   1.0
    209  0.612111111  0.555555556  0.000000000   1.0
    210  0.612111111  0.611111111  0.000000000   1.0
    211  0.612111111  0.666666667  0.000000000   1.0
    212  0.612111111  0.722222222  0.000000000   1.0
    213  0.612111111  0.777777778  0.000000000   1.0
    214  0.612111111  0.833333333  0.000000000   1.0
    215  0.612111111  0.888888889  0.000000000   1.0
    216  0.612111111  0.944444444  0.000000000   1.0
    217  0.667666667  0.000000000  0.000000000   1.0
    218  0.667666667  0.055555556  0.000000000   1.0
    219  0.667666667  0.111111111  0.000000000   1.0
    220  0.667666667  0.166666667  0.000000000   1.0
    221  0.667666667  0.222222222  0.000000000   1.0
    222  0.667666667  0.277777778  0.000000000   1.0
    223  0.667666667  0.333333333  0.000000000   1.0
    224  0.667666667  0.388888889  0.000000000   1.0
    225  0.667666667  0.444444444  0.000000000   1.0
    226  0.667666667  0.500000000  0.000000000   1.0
    227  0.667666667  0.555555556  0.000000000   1.0
    228  0.667666667  0.611111111  0.000000000   1.0
    229  0.667666667  0.666666667  0.000000000   1.0
    230  0.667666667  0.722222222  0.000000000   1.0
    231  0.667666667  0.777777778  0.000000000   1.0
    232  0.667666667  0.833333333  0.000000000   1.0
    233  0.667666667  0.888888889  0.000000000   1.0
    234  0.667666667  0.944444444  0.000000000   1.0
    235  0.723222222  0.000000000  0.000000000   1.0
    236  0.723222222  0.055555556  0.000000000   1.0
    237  0.723222222  0.111111111  0.000000000   1.0
    238  0.723222222  0.166666667  0.000000000   1.0
    239  0.723222222  0.222222222  0.000000000   1.0
    240  0.723222222  0.277777778  0.000000000   1.0
    241  0.723222222  0.333333333  0.000000000   1.0
    242  0.723222222  0.388888889  0.000000000   1.0
    243  0.723222222  0.444444444  0.000000000   1.0
    244  0.723222222  0.500000000  0.000000000   1.0
    245  0.723222222  0.555555556  0.000000000   1.0
    246  0.723222222  0.611111111  0.000000000   1.0
    247  0.723222222  0.666666667  0.000000000   1.0
    248  0.723222222  0.722222222  0.000000000   1.0
    249  0.723222222  0.777777778  0.000000000   1.0
    250  0.723222222  0.833333333  0.000000000   1.0
    251  0.723222222  0.888888889  0.000000000   1.0
    252  0.723222222  0.944444444  0.000000000   1.0
    253  0.778777778  0.000000000  0.000000000   1.0
    254  0.778777778  0.055555556  0.000000000   1.0
    255  0.778777778  0.111111111  0.000000000   1.0
    256  0.778777778  0.166666667  0.000000000   1.0
    257  0.778777778  0.222222222  0.000000000   1.0
    258  0.778777778  0.277777778  0.000000000   1.0
    259  0.778777778  0.333333333  0.000000000   1.0
    260  0.778777778  0.388888889  0.000000000   1.0
    261  0.778777778  0.444444444  0.000000000   1.0
    262  0.778777778  0.500000000  0.000000000   1.0
    263  0.778777778  0.555555556  0.000000000   1.0
    264  0.778777778  0.611111111  0.000000000   1.0
    265  0.778777778  0.666666667  0.000000000   1.0
    266  0.778777778  0.722222222  0.000000000   1.0
    267  0.778777778  0.777777778  0.000000000   1.0
    268  0.778777778  0.833333333  0.000000000   1.0
    269  0.778777778  0.888888889  0.000000000   1.0
    270  0.778777778  0.944444444  0.000000000   1.0
    271  0.834333333  0.000000000  0.000000000   1.0
    272  0.834333333  0.055555556  0.000000000   1.0
    273  0.834333333  0.111111111  0.000000000   1.0
    274  0.834333333  0.166666667  0.000000000   1.0
    275  0.834333333  0.222222222  0.000000000   1.0
    276  0.834333333  0.277777778  0.000000000   1.0
    277  0.834333333  0.333333333  0.000000000   1.0
    278  0.834333333  0.388888889  0.000000000   1.0
    279  0.834333333  0.444444444  0.000000000   1.0
    280  0.834333333  0.500000000  0.000000000   1.0
    281  0.834333333  0.555555556  0.000000000   1.0
    282  0.834333333  0.611111111  0.000000000   1.0
    283  0.834333333  0.666666667  0.000000000   1.0
    284  0.834333333  0.722222222  0.000000000   1.0
    285  0.834333333  0.777777778  0.000000000   1.0
    286  0.834333333  0.833333333  0.000000000   1.0
    287  0.834333333  0.888888889  0.000000000   1.0
    288  0.834333333  0.944444444  0.000000000   1.0
    289  0.889888889  0.000000000  0.000000000   1.0
    290  0.889888889  0.055555556  0.000000000   1.0
    291  0.889888889  0.111111111  0.000000000   1.0
    292  0.889888889  0.166666667  0.000000000   1.0
    293  0.889888889  0.222222222  0.000000000   1.0
    294  0.889888889  0.277777778  0.000000000   1.0
    295  0.889888889  0.333333333  0.000000000   1.0
    296  0.889888889  0.388888889  0.000000000   1.0
    297  0.889888889  0.444444444  0.000000000   1.0
    298  0.889888889  0.500000000  0.000000000   1.0
    299  0.889888889  0.555555556  0.000000000   1.0
    300  0.889888889  0.611111111  0.000000000   1.0
    301  0.889888889  0.666666667  0.000000000   1.0
    302  0.889888889  0.722222222  0.000000000   1.0
    303  0.889888889  0.777777778  0.000000000   1.0
    304  0.889888889  0.833333333  0.000000000   1.0
    305  0.889888889  0.888888889  0.000000000   1.0
    306  0.889888889  0.944444444  0.000000000   1.0
    307  0.945444444  0.000000000  0.000000000   1.0
    308  0.945444444  0.055555556  0.000000000   1.0
    309  0.945444444  0.111111111  0.000000000   1.0
    310  0.945444444  0.166666667  0.000000000   1.0
    311  0.945444444  0.222222222  0.000000000   1.0
    312  0.945444444  0.277777778  0.000000000   1.0
    313  0.945444444  0.333333333  0.000000000   1.0
    314  0.945444444  0.388888889  0.000000000   1.0
    315  0.945444444  0.444444444  0.000000000   1.0
    316  0.945444444  0.500000000  0.000000000   1.0
    317  0.945444444  0.555555556  0.000000000   1.0
    318  0.945444444  0.611111111  0.000000000   1.0
    319  0.945444444  0.666666667  0.000000000   1.0
    320  0.945444444  0.722222222  0.000000000   1.0
    321  0.945444444  0.777777778  0.000000000   1.0
    322  0.945444444  0.833333333  0.000000000   1.0
    323  0.945444444  0.888888889  0.000000000   1.0
    324  0.945444444  0.944444444  0.000000000   1.0

k-points folded with the symmetries of a subgroup of the q-vector
    171
      1  0.001000000  0.000000000  0.000000000   1.0
      2  0.001000000  0.055555556  0.000000000   2.0
      3  0.001000000  0.111111111  0.000000000   2.0
      4  0.001000000  0.166666667  0.000000000   2.0
      5  0.001000000  0.222222222  0.000000000   2.0
      6  0.001000000  0.277777778  0.000000000   2.0
      7  0.001000000  0.333333333  0.000000000   2.0
      8  0.001000000  0.388888889  0.000000000   2.0
      9  0.001000000  0.444444444  0.000000000   2.0
     10  0.001000000  0.500000000  0.000000000   2.0
     11  0.001000000  0.555555556  0.000000000   2.0
     12  0.001000000  0.611111111  0.000000000   2.0
     13  0.001000000  0.666666667  0.000000000   2.0
     14  0.001000000  0.722222222  0.000000000   2.0
     15  0.001000000  0.777777778  0.000000000   2.0
     16  0.001000000  0.833333333  0.000000000   2.0
     17  0.001000000  0.888888889  0.000000000   2.0
     18  0.001000000  0.944444444  0.000000000   2.0
     19  0.056555556  0.000000000  0.000000000   1.0
     20  0.056555556  0.055555556  0.000000000   2.0
     21  0.056555556  0.111111111  0.000000000   2.0
     22  0.056555556  0.166666667  0.000000000   2.0
     23  0.056555556  0.222222222  0.000000000   2.0
     24  0.056555556  0.277777778  0.000000000   2.0
     25  0.056555556  0.333333333  0.000000000   2.0
     26  0.056555556  0.388888889  0.000000000   2.0
     27  0.056555556  0.444444444  0.000000000   2.0
     28  0.056555556  0.500000000  0.000000000   2.0
     29  0.056555556  0.555555556  0.000000000   2.0
     30  0.056555556  0.611111111  0.000000000   2.0
     31  0.056555556  0.666666667  0.000000000   2.0
     32  0.056555556  0.722222222  0.000000000   2.0
     33  0.056555556  0.777777778  0.000000000   2.0
     34  0.056555556  0.833333333  0.000000000   2.0
     35  0.112111111  0.000000000  0.000000000   1.0
     36  0.112111111  0.055555556  0.000000000   2.0
     37  0.112111111  0.111111111  0.000000000   2.0
     38  0.112111111  0.166666667  0.000000000   2.0
     39  0.112111111  0.222222222  0.000000000   2.0
     40  0.112111111  0.277777778  0.000000000   2.0
     41  0.112111111  0.333333333  0.000000000   2.0
     42  0.112111111  0.388888889  0.000000000   2.0
     43  0.112111111  0.444444444  0.000000000   2.0
     44  0.112111111  0.500000000  0.000000000   2.0
     45  0.112111111  0.555555556  0.000000000   2.0
     46  0.112111111  0.611111111  0.000000000   2.0
     47  0.112111111  0.666666667  0.000000000   2.0
     48  0.112111111  0.722222222  0.000000000   2.0
     49  0.167666667  0.000000000  0.000000000   1.0
     50  0.167666667  0.055555556  0.000000000   2.0
     51  0.167666667  0.111111111  0.000000000   2.0
     52  0.167666667  0.166666667  0.000000000   2.0
     53  0.167666667  0.222222222  0.000000000   2.0
     54  0.167666667  0.277777778  0.000000000   2.0
     55  0.167666667  0.333333333  0.000000000   2.0
     56  0.167666667  0.388888889  0.000000000   2.0
     57  0.167666667  0.444444444  0.000000000   2.0
     58  0.167666667  0.500000000  0.000000000   2.0
     59  0.167666667  0.555555556  0.000000000   2.0
     60  0.167666667  0.611111111  0.000000000   2.0
     61  0.223222222  0.000000000  0.000000000   1.0
     62  0.223222222  0.055555556  0.000000000   2.0
     63  0.223222222  0.111111111  0.000000000   2.0
     64  0.223222222  0.166666667  0.000000000   2.0
     65  0.223222222  0.222222222  0.000000000   2.0
     66  0.223222222  0.277777778  0.000000000   2.0
     67  0.223222222  0.333333333  0.000000000   2.0
     68  0.223222222  0.388888889  0.000000000   2.0
     69  0.223222222  0.444444444  0.000000000   2.0
     70  0.223222222  0.500000000  0.000000000   2.0
     71  0.278777778  0.000000000  0.000000000   1.0
     72  0.278777778  0.055555556  0.000000000   2.0
     73  0.278777778  0.111111111  0.000000000   2.0
     74  0.278777778  0.166666667  0.000000000   2.0
     75  0.278777778  0.222222222  0.000000000   2.0
     76  0.278777778  0.277777778  0.000000000   2.0
     77  0.278777778  0.333333333  0.000000000   2.0
     78  0.278777778  0.388888889  0.000000000   2.0
     79  0.334333333  0.000000000  0.000000000   1.0
     80  0.334333333  0.055555556  0.000000000   2.0
     81  0.334333333  0.111111111  0.000000000   2.0
     82  0.334333333  0.166666667  0.000000000   2.0
     83  0.334333333  0.222222222  0.000000000   2.0
     84  0.334333333  0.277777778  0.000000000   2.0
     85  0.334333333  0.333333333  0.000000000   2.0
     86  0.389888889  0.000000000  0.000000000   1.0
     87  0.389888889  0.055555556  0.000000000   2.0
     88  0.389888889  0.111111111  0.000000000   2.0
     89  0.389888889  0.166666667  0.000000000   2.0
     90  0.389888889  0.222222222  0.000000000   2.0
     91  0.389888889  0.277777778  0.000000000   2.0
     92  0.445444444  0.000000000  0.000000000   1.0
     93  0.445444444  0.055555556  0.000000000   2.0
     94  0.445444444  0.111111111  0.000000000   2.0
     95  0.445444444  0.166666667  0.000000000   2.0
     96  0.445444444  0.222222222  0.000000000   2.0
     97  0.445444444  0.277777778  0.000000000   2.0
     98  0.501000000  0.000000000  0.000000000   1.0
     99  0.501000000  0.055555556  0.000000000   2.0
    100  0.501000000  0.111111111  0.000000000   2.0
    101  0.501000000  0.166666667  0.000000000   2.0
    102  0.501000000  0.222222222  0.000000000   2.0
    103  0.556555556  0.000000000  0.000000000   1.0
    104  0.556555556  0.055555556  0.000000000   2.0
    105  0.556555556  0.111111111  0.000000000   2.0
    106  0.556555556  0.166666667  0.000000000   2.0
    107  0.556555556  0.222222222  0.000000000   2.0
    108  0.612111111  0.000000000  0.000000000   1.0
    109  0.612111111  0.055555556  0.000000000   2.0
    110  0.612111111  0.111111111  0.000000000   2.0
    111  0.612111111  0.166666667  0.000000000   2.0
    112  0.667666667  0.000000000  0.000000000   1.0
    113  0.667666667  0.055555556  0.000000000   2.0
    114  0.667666667  0.111111111  0.000000000   2.0
    115  0.667666667  0.166666667  0.000000000   2.0
    116  0.723222222  0.000000000  0.000000000   1.0
    117  0.723222222  0.055555556  0.000000000   2.0
    118  0.723222222  0.111111111  0.000000000   2.0
    119  0.723222222  0.555555556  0.000000000   2.0
    120  0.723222222  0.611111111  0.000000000   2.0
    121  0.723222222  0.666666667  0.000000000   2.0
    122  0.778777778  0.000000000  0.000000000   1.0
    123  0.778777778  0.055555556  0.000000000   2.0
    124  0.778777778  0.111111111  0.000000000   2.0
    125  0.778777778  0.444444444  0.000000000   2.0
    126  0.778777778  0.500000000  0.000000000   2.0
    127  0.778777778  0.555555556  0.000000000   2.0
    128  0.778777778  0.611111111  0.000000000   2.0
    129  0.778777778  0.666666667  0.000000000   2.0
    130  0.778777778  0.722222222  0.000000000   2.0
    131  0.834333333  0.000000000  0.000000000   1.0
    132  0.834333333  0.055555556  0.000000000   2.0
    133  0.834333333  0.333333333  0.000000000   2.0
    134  0.834333333  0.388888889  0.000000000   2.0
    135  0.834333333  0.444444444  0.000000000   2.0
    136  0.834333333  0.500000000  0.000000000   2.0
    137  0.834333333  0.555555556  0.000000000   2.0
    138  0.834333333  0.611111111  0.000000000   2.0
    139  0.834333333  0.666666667  0.000000000   2.0
    140  0.834333333  0.722222222  0.000000000   2.0
    141  0.834333333  0.777777778  0.000000000   2.0
    142  0.889888889  0.000000000  0.000000000   1.0
    143  0.889888889  0.055555556  0.000000000   2.0
    144  0.889888889  0.222222222  0.000000000   2.0
    145  0.889888889  0.277777778  0.000000000   2.0
    146  0.889888889  0.333333333  0.000000000   2.0
    147  0.889888889  0.388888889  0.000000000   2.0
    148  0.889888889  0.444444444  0.000000000   2.0
    149  0.889888889  0.500000000  0.000000000   2.0
    150  0.889888889  0.555555556  0.000000000   2.0
    151  0.889888889  0.611111111  0.000000000   2.0
    152  0.889888889  0.666666667  0.000000000   2.0
    153  0.889888889  0.722222222  0.000000000   2.0
    154  0.889888889  0.777777778  0.000000000   2.0
    155  0.889888889  0.833333333  0.000000000   2.0
    156  0.945444444  0.000000000  0.000000000   1.0
    157  0.945444444  0.111111111  0.000000000   2.0
    158  0.945444444  0.166666667  0.000000000   2.0
    159  0.945444444  0.222222222  0.000000000   2.0
    160  0.945444444  0.277777778  0.000000000   2.0
    161  0.945444444  0.333333333  0.000000000   2.0
    162  0.945444444  0.388888889  0.000000000   2.0
    163  0.945444444  0.444444444  0.000000000   2.0
    164  0.945444444  0.500000000  0.000000000   2.0
    165  0.945444444  0.555555556  0.000000000   2.0
    166  0.945444444  0.611111111  0.000000000   2.0
    167  0.945444444  0.666666667  0.000000000   2.0
    168  0.945444444  0.722222222  0.000000000   2.0
    169  0.945444444  0.777777778  0.000000000   2.0
    170  0.945444444  0.833333333  0.000000000   2.0
    171  0.945444444  0.888888889  0.000000000   2.0

