K_POINTS crystal
  171
  0.001000000  0.000000000  0.000000000   1.0
  0.001000000  0.055555556  0.000000000   2.0
  0.001000000  0.111111111  0.000000000   2.0
  0.001000000  0.166666667  0.000000000   2.0
  0.001000000  0.222222222  0.000000000   2.0
  0.001000000  0.277777778  0.000000000   2.0
  0.001000000  0.333333333  0.000000000   2.0
  0.001000000  0.388888889  0.000000000   2.0
  0.001000000  0.444444444  0.000000000   2.0
  0.001000000  0.500000000  0.000000000   2.0
  0.001000000  0.555555556  0.000000000   2.0
  0.001000000  0.611111111  0.000000000   2.0
  0.001000000  0.666666667  0.000000000   2.0
  0.001000000  0.722222222  0.000000000   2.0
  0.001000000  0.777777778  0.000000000   2.0
  0.001000000  0.833333333  0.000000000   2.0
  0.001000000  0.888888889  0.000000000   2.0
  0.001000000  0.944444444  0.000000000   2.0
  0.056555556  0.000000000  0.000000000   1.0
  0.056555556  0.055555556  0.000000000   2.0
  0.056555556  0.111111111  0.000000000   2.0
  0.056555556  0.166666667  0.000000000   2.0
  0.056555556  0.222222222  0.000000000   2.0
  0.056555556  0.277777778  0.000000000   2.0
  0.056555556  0.333333333  0.000000000   2.0
  0.056555556  0.388888889  0.000000000   2.0
  0.056555556  0.444444444  0.000000000   2.0
  0.056555556  0.500000000  0.000000000   2.0
  0.056555556  0.555555556  0.000000000   2.0
  0.056555556  0.611111111  0.000000000   2.0
  0.056555556  0.666666667  0.000000000   2.0
  0.056555556  0.722222222  0.000000000   2.0
  0.056555556  0.777777778  0.000000000   2.0
  0.056555556  0.833333333  0.000000000   2.0
  0.112111111  0.000000000  0.000000000   1.0
  0.112111111  0.055555556  0.000000000   2.0
  0.112111111  0.111111111  0.000000000   2.0
  0.112111111  0.166666667  0.000000000   2.0
  0.112111111  0.222222222  0.000000000   2.0
  0.112111111  0.277777778  0.000000000   2.0
  0.112111111  0.333333333  0.000000000   2.0
  0.112111111  0.388888889  0.000000000   2.0
  0.112111111  0.444444444  0.000000000   2.0
  0.112111111  0.500000000  0.000000000   2.0
  0.112111111  0.555555556  0.000000000   2.0
  0.112111111  0.611111111  0.000000000   2.0
  0.112111111  0.666666667  0.000000000   2.0
  0.112111111  0.722222222  0.000000000   2.0
  0.167666667  0.000000000  0.000000000   1.0
  0.167666667  0.055555556  0.000000000   2.0
  0.167666667  0.111111111  0.000000000   2.0
  0.167666667  0.166666667  0.000000000   2.0
  0.167666667  0.222222222  0.000000000   2.0
  0.167666667  0.277777778  0.000000000   2.0
  0.167666667  0.333333333  0.000000000   2.0
  0.167666667  0.388888889  0.000000000   2.0
  0.167666667  0.444444444  0.000000000   2.0
  0.167666667  0.500000000  0.000000000   2.0
  0.167666667  0.555555556  0.000000000   2.0
  0.167666667  0.611111111  0.000000000   2.0
  0.223222222  0.000000000  0.000000000   1.0
  0.223222222  0.055555556  0.000000000   2.0
  0.223222222  0.111111111  0.000000000   2.0
  0.223222222  0.166666667  0.000000000   2.0
  0.223222222  0.222222222  0.000000000   2.0
  0.223222222  0.277777778  0.000000000   2.0
  0.223222222  0.333333333  0.000000000   2.0
  0.223222222  0.388888889  0.000000000   2.0
  0.223222222  0.444444444  0.000000000   2.0
  0.223222222  0.500000000  0.000000000   2.0
  0.278777778  0.000000000  0.000000000   1.0
  0.278777778  0.055555556  0.000000000   2.0
  0.278777778  0.111111111  0.000000000   2.0
  0.278777778  0.166666667  0.000000000   2.0
  0.278777778  0.222222222  0.000000000   2.0
  0.278777778  0.277777778  0.000000000   2.0
  0.278777778  0.333333333  0.000000000   2.0
  0.278777778  0.388888889  0.000000000   2.0
  0.334333333  0.000000000  0.000000000   1.0
  0.334333333  0.055555556  0.000000000   2.0
  0.334333333  0.111111111  0.000000000   2.0
  0.334333333  0.166666667  0.000000000   2.0
  0.334333333  0.222222222  0.000000000   2.0
  0.334333333  0.277777778  0.000000000   2.0
  0.334333333  0.333333333  0.000000000   2.0
  0.389888889  0.000000000  0.000000000   1.0
  0.389888889  0.055555556  0.000000000   2.0
  0.389888889  0.111111111  0.000000000   2.0
  0.389888889  0.166666667  0.000000000   2.0
  0.389888889  0.222222222  0.000000000   2.0
  0.389888889  0.277777778  0.000000000   2.0
  0.445444444  0.000000000  0.000000000   1.0
  0.445444444  0.055555556  0.000000000   2.0
  0.445444444  0.111111111  0.000000000   2.0
  0.445444444  0.166666667  0.000000000   2.0
  0.445444444  0.222222222  0.000000000   2.0
  0.445444444  0.277777778  0.000000000   2.0
  0.501000000  0.000000000  0.000000000   1.0
  0.501000000  0.055555556  0.000000000   2.0
  0.501000000  0.111111111  0.000000000   2.0
  0.501000000  0.166666667  0.000000000   2.0
  0.501000000  0.222222222  0.000000000   2.0
  0.556555556  0.000000000  0.000000000   1.0
  0.556555556  0.055555556  0.000000000   2.0
  0.556555556  0.111111111  0.000000000   2.0
  0.556555556  0.166666667  0.000000000   2.0
  0.556555556  0.222222222  0.000000000   2.0
  0.612111111  0.000000000  0.000000000   1.0
  0.612111111  0.055555556  0.000000000   2.0
  0.612111111  0.111111111  0.000000000   2.0
  0.612111111  0.166666667  0.000000000   2.0
  0.667666667  0.000000000  0.000000000   1.0
  0.667666667  0.055555556  0.000000000   2.0
  0.667666667  0.111111111  0.000000000   2.0
  0.667666667  0.166666667  0.000000000   2.0
  0.723222222  0.000000000  0.000000000   1.0
  0.723222222  0.055555556  0.000000000   2.0
  0.723222222  0.111111111  0.000000000   2.0
  0.723222222  0.555555556  0.000000000   2.0
  0.723222222  0.611111111  0.000000000   2.0
  0.723222222  0.666666667  0.000000000   2.0
  0.778777778  0.000000000  0.000000000   1.0
  0.778777778  0.055555556  0.000000000   2.0
  0.778777778  0.111111111  0.000000000   2.0
  0.778777778  0.444444444  0.000000000   2.0
  0.778777778  0.500000000  0.000000000   2.0
  0.778777778  0.555555556  0.000000000   2.0
  0.778777778  0.611111111  0.000000000   2.0
  0.778777778  0.666666667  0.000000000   2.0
  0.778777778  0.722222222  0.000000000   2.0
  0.834333333  0.000000000  0.000000000   1.0
  0.834333333  0.055555556  0.000000000   2.0
  0.834333333  0.333333333  0.000000000   2.0
  0.834333333  0.388888889  0.000000000   2.0
  0.834333333  0.444444444  0.000000000   2.0
  0.834333333  0.500000000  0.000000000   2.0
  0.834333333  0.555555556  0.000000000   2.0
  0.834333333  0.611111111  0.000000000   2.0
  0.834333333  0.666666667  0.000000000   2.0
  0.834333333  0.722222222  0.000000000   2.0
  0.834333333  0.777777778  0.000000000   2.0
  0.889888889  0.000000000  0.000000000   1.0
  0.889888889  0.055555556  0.000000000   2.0
  0.889888889  0.222222222  0.000000000   2.0
  0.889888889  0.277777778  0.000000000   2.0
  0.889888889  0.333333333  0.000000000   2.0
  0.889888889  0.388888889  0.000000000   2.0
  0.889888889  0.444444444  0.000000000   2.0
  0.889888889  0.500000000  0.000000000   2.0
  0.889888889  0.555555556  0.000000000   2.0
  0.889888889  0.611111111  0.000000000   2.0
  0.889888889  0.666666667  0.000000000   2.0
  0.889888889  0.722222222  0.000000000   2.0
  0.889888889  0.777777778  0.000000000   2.0
  0.889888889  0.833333333  0.000000000   2.0
  0.945444444  0.000000000  0.000000000   1.0
  0.945444444  0.111111111  0.000000000   2.0
  0.945444444  0.166666667  0.000000000   2.0
  0.945444444  0.222222222  0.000000000   2.0
  0.945444444  0.277777778  0.000000000   2.0
  0.945444444  0.333333333  0.000000000   2.0
  0.945444444  0.388888889  0.000000000   2.0
  0.945444444  0.444444444  0.000000000   2.0
  0.945444444  0.500000000  0.000000000   2.0
  0.945444444  0.555555556  0.000000000   2.0
  0.945444444  0.611111111  0.000000000   2.0
  0.945444444  0.666666667  0.000000000   2.0
  0.945444444  0.722222222  0.000000000   2.0
  0.945444444  0.777777778  0.000000000   2.0
  0.945444444  0.833333333  0.000000000   2.0
  0.945444444  0.888888889  0.000000000   2.0
